2025-05-24 14:51:27,630 - root - INFO - 使用的 ChromeDriver 路径: D:\gmj\workSpaces\workSpaces_pycharm\autoTest4\Base\utils\chromedriver.exe
2025-05-24 14:51:27,785 - root - INFO - Test case test_add_sales_plan_quantity started at 2025-05-24 14:51:27.785029
2025-05-24 14:51:28,809 - root - INFO - 开始登录操作
2025-05-24 14:51:35,892 - root - INFO - 已打开登录页面
2025-05-24 14:51:36,016 - root - INFO - 已输入用户名：guomj
2025-05-24 14:51:36,110 - root - INFO - 已输入密码：gmj123..
2025-05-24 14:51:36,201 - root - INFO - 验证码图片已保存到 D:\gmj\workSpaces\workSpaces_pycharm\autoTest4\Base\utils\captcha.png
2025-05-24 14:51:37,010 - root - INFO - 验证码识别结果: CyYt
2025-05-24 14:51:37,124 - root - INFO - 已输入验证码: CyYt，第 1 次尝试
2025-05-24 14:51:40,270 - root - INFO - 登录成功
2025-05-24 14:51:49,133 - root - INFO - 保存成功提示: 添加成功！
2025-05-24 14:51:49,134 - root - INFO - 实际成功提示内容: 添加成功！
2025-05-24 14:51:52,094 - root - INFO - 获取提示信息: 添加成功！
2025-05-24 14:51:56,515 - root - INFO - 获取提示信息: 添加成功！
2025-05-24 14:52:00,894 - root - INFO - 获取提示信息: 添加成功！
2025-05-24 14:52:05,313 - root - INFO - 获取提示信息: 添加成功！
2025-05-24 14:52:09,712 - root - INFO - 获取提示信息: 添加成功！
2025-05-24 14:52:14,155 - root - INFO - 获取提示信息: 添加成功！
2025-05-24 14:52:18,573 - root - INFO - 获取提示信息: 请添加sku计划数量
2025-05-24 14:52:22,995 - root - INFO - 获取提示信息: 请添加sku计划数量
2025-05-24 14:52:27,405 - root - INFO - 获取提示信息: 请添加sku计划数量
2025-05-24 14:52:31,785 - root - INFO - 获取提示信息: 请添加sku计划数量
2025-05-24 14:52:36,192 - root - INFO - 获取提示信息: 操作失败，系统错误请联系管理员！
2025-05-24 14:52:40,655 - root - INFO - 获取提示信息: 操作失败，系统错误请联系管理员！
2025-05-24 14:52:45,026 - root - INFO - 获取提示信息: 添加成功！
2025-05-24 14:52:47,031 - root - INFO - 关闭浏览器
2025-05-24 14:52:49,161 - root - INFO - Test case test_add_sales_plan_quantity ended at 2025-05-24 14:52:49.161549
