2025-05-16 15:15:20,505 - root - INFO - 使用的 ChromeDriver 路径: D:\gmj\workSpaces\workSpaces_pycharm\autoTest4\Base\utils\chromedriver.exe
2025-05-16 15:15:20,623 - root - INFO - Test case test_add_sales_plan started at 2025-05-16 15:15:20.623720
2025-05-16 15:15:21,620 - root - INFO - 开始登录操作
2025-05-16 15:15:43,903 - root - INFO - 已打开登录页面
2025-05-16 15:15:44,003 - root - INFO - 已输入用户名：guomj
2025-05-16 15:15:44,092 - root - INFO - 已输入密码：gmj123..
2025-05-16 15:15:44,188 - root - INFO - 验证码图片已保存到 D:\gmj\workSpaces\workSpaces_pycharm\autoTest4\Base\utils\captcha.png
2025-05-16 15:15:44,952 - root - INFO - 验证码识别结果: xCj l
2025-05-16 15:15:45,042 - root - INFO - 已输入验证码: xCj l，第 1 次尝试
2025-05-16 15:15:55,148 - root - WARNING - 第 1 次登录失败，重新尝试
2025-05-16 15:15:55,149 - root - INFO - 开始登录操作
2025-05-16 15:15:55,707 - root - INFO - 已打开登录页面
2025-05-16 15:15:55,809 - root - INFO - 已输入用户名：guomj
2025-05-16 15:15:55,880 - root - INFO - 已输入密码：gmj123..
2025-05-16 15:15:55,973 - root - INFO - 验证码图片已保存到 D:\gmj\workSpaces\workSpaces_pycharm\autoTest4\Base\utils\captcha.png
2025-05-16 15:15:56,714 - root - INFO - 验证码识别结果: 404
2025-05-16 15:15:56,790 - root - INFO - 已输入验证码: 404，第 2 次尝试
2025-05-16 15:16:07,001 - root - WARNING - 第 2 次登录失败，重新尝试
2025-05-16 15:16:07,001 - root - INFO - 开始登录操作
2025-05-16 15:16:07,317 - root - INFO - 已打开登录页面
2025-05-16 15:16:07,391 - root - INFO - 已输入用户名：guomj
2025-05-16 15:16:07,473 - root - INFO - 已输入密码：gmj123..
2025-05-16 15:16:07,582 - root - INFO - 验证码图片已保存到 D:\gmj\workSpaces\workSpaces_pycharm\autoTest4\Base\utils\captcha.png
2025-05-16 15:16:08,535 - root - INFO - 验证码识别结果: nFK6
2025-05-16 15:16:08,614 - root - INFO - 已输入验证码: nFK6，第 3 次尝试
2025-05-16 15:16:09,298 - root - INFO - 登录成功
2025-05-16 15:16:10,134 - root - INFO - 准备添加销售计划，ASIN=B0BTHRCY23, 月份数据=[{'month': '五月', 'value': '1000'}, {'month': '六月', 'value': '1000'}, {'month': '七月', 'value': '1000'}, {'month': '八月', 'value': '1000'}]
2025-05-16 15:16:14,255 - root - INFO - 点击前
2025-05-16 15:16:14,884 - root - INFO - 点击后
2025-05-16 15:16:24,944 - root - INFO - 关闭浏览器
2025-05-16 15:16:27,054 - root - INFO - Test case test_add_sales_plan ended at 2025-05-16 15:16:27.054876
