2025-06-03 16:15:33,398 - root - INFO - 使用的 ChromeDriver 路径: D:\gmj\workSpaces\workSpaces_pycharm\autoTest4\Base\utils\chromedriver.exe
2025-06-03 16:15:33,552 - root - INFO - Test case test_add_sales_plan_months started at 2025-06-03 16:15:33.552320
2025-06-03 16:15:34,644 - root - INFO - 开始登录操作
2025-06-03 16:15:41,974 - root - INFO - 已打开登录页面
2025-06-03 16:15:42,099 - root - INFO - 已输入用户名：guomj
2025-06-03 16:15:42,192 - root - INFO - 已输入密码：gmj123..
2025-06-03 16:15:42,283 - root - INFO - 验证码图片已保存到 D:\gmj\workSpaces\workSpaces_pycharm\autoTest4\Base\utils\captcha.png
2025-06-03 16:15:46,739 - root - INFO - 验证码识别结果: h RmS
2025-06-03 16:15:46,834 - root - INFO - 已输入验证码: h RmS，第 1 次尝试
2025-06-03 16:15:56,929 - root - WARNING - 第 1 次登录失败，重新尝试
2025-06-03 16:15:56,929 - root - INFO - 开始登录操作
2025-06-03 16:15:57,586 - root - INFO - 已打开登录页面
2025-06-03 16:15:57,694 - root - INFO - 已输入用户名：guomj
2025-06-03 16:15:57,794 - root - INFO - 已输入密码：gmj123..
2025-06-03 16:15:57,880 - root - INFO - 验证码图片已保存到 D:\gmj\workSpaces\workSpaces_pycharm\autoTest4\Base\utils\captcha.png
2025-06-03 16:16:02,111 - root - INFO - 验证码识别结果: A3ax
2025-06-03 16:16:02,194 - root - INFO - 已输入验证码: A3ax，第 2 次尝试
2025-06-03 16:16:02,874 - root - INFO - 登录成功
2025-06-03 16:16:02,875 - root - INFO - 点击主菜单: ('xpath', "//*[@role='menu']//span[text()='Amazon发货']")
2025-06-03 16:16:02,996 - root - INFO - 点击子菜单: ('xpath', "//span[text()='销售计划']")
2025-06-03 16:16:04,558 - root - ERROR - 导航菜单异常: Message: element click intercepted: Element <span>...</span> is not clickable at point (76, 274). Other element would receive the click: <a href="/amzShipment/salesPlan" class="">...</a>
  (Session info: chrome=137.0.7151.69)
Stacktrace:
	GetHandleVerifier [0x0x7ff755126f65+78965]
	GetHandleVerifier [0x0x7ff755126fc0+79056]
	(No symbol) [0x0x7ff754eb9dda]
	(No symbol) [0x0x7ff754f182e9]
	(No symbol) [0x0x7ff754f15c82]
	(No symbol) [0x0x7ff754f12cd1]
	(No symbol) [0x0x7ff754f11c44]
	(No symbol) [0x0x7ff754f032a4]
	(No symbol) [0x0x7ff754f3866a]
	(No symbol) [0x0x7ff754f02b56]
	(No symbol) [0x0x7ff754f38880]
	(No symbol) [0x0x7ff754f60dbe]
	(No symbol) [0x0x7ff754f38443]
	(No symbol) [0x0x7ff754f01311]
	(No symbol) [0x0x7ff754f020a3]
	GetHandleVerifier [0x0x7ff7553de26d+2926461]
	GetHandleVerifier [0x0x7ff7553d8993+2903715]
	GetHandleVerifier [0x0x7ff7553f6aed+3026941]
	GetHandleVerifier [0x0x7ff7551416fe+187406]
	GetHandleVerifier [0x0x7ff7551496ef+220159]
	GetHandleVerifier [0x0x7ff75512faf4+114692]
	GetHandleVerifier [0x0x7ff75512fca9+115129]
	GetHandleVerifier [0x0x7ff7551164d8+10728]
	BaseThreadInitThunk [0x0x7ffd678d7614+20]
	RtlUserThreadStart [0x0x7ffd687e26a1+33]

2025-06-03 16:16:04,681 - root - INFO - 关闭浏览器
2025-06-03 16:16:06,792 - root - INFO - Test case test_add_sales_plan_months ended at 2025-06-03 16:16:06.792381
