2025-03-24 15:05:41,331 - root - INFO - 使用的 ChromeDriver 路径: D:\gmj\workSpaces\workSpaces_pycharm\autoTest1\utils\chromedriver.exe
2025-03-24 15:05:42,165 - root - INFO - Test case test_menu_navigation started at 2025-03-24 15:05:42.165413
2025-03-24 15:05:43,162 - root - INFO - 开始登录操作
2025-03-24 15:05:45,487 - root - INFO - 已打开登录页面
2025-03-24 15:05:45,694 - root - INFO - 已输入用户名：ptuser
2025-03-24 15:05:45,839 - root - INFO - 已输入密码：qwe123
2025-03-24 15:05:45,937 - root - INFO - 验证码图片已保存到 D:\gmj\workSpaces\workSpaces_pycharm\autoTest1\config\captcha.png
2025-03-24 15:05:46,774 - root - INFO - 验证码识别结果: BUK9
2025-03-24 15:05:46,851 - root - INFO - 已输入验证码: BUK9，第 1 次尝试
2025-03-24 15:05:47,940 - root - INFO - 登录成功
2025-03-24 15:05:48,007 - root - INFO - Token: eyJ0eXAiOiJKV1QiLCJhbGciOiJIUzI1NiJ9.eyJpZCI6IjE4NzE0NDExMjc1Mzg4MTQ5NzgiLCJleHAiOjE3NDI4Mjg3NDYsInVzZXJuYW1lIjoicHR1c2VyIiwicmVhbG5hbWUiOiLns7vnu5_nrqHnkIblkZgifQ.FjEBPd-8CcZAIDriTCEUxpxTzMADgITlgAcAYyS1_68
2025-03-24 15:05:48,501 - root - INFO - Token: eyJ0eXAiOiJKV1QiLCJhbGciOiJIUzI1NiJ9.eyJpZCI6IjE4NzE0NDExMjc1Mzg4MTQ5NzgiLCJleHAiOjE3NDI4Mjg3NDYsInVzZXJuYW1lIjoicHR1c2VyIiwicmVhbG5hbWUiOiLns7vnu5_nrqHnkIblkZgifQ.FjEBPd-8CcZAIDriTCEUxpxTzMADgITlgAcAYyS1_68
2025-03-24 15:05:48,532 - root - INFO - 开始解析36个根菜单项
2025-03-24 15:05:48,532 - root - INFO - 共提取到257个菜单项
2025-03-24 15:05:48,533 - root - INFO - 菜单数据已保存至: d:\gmj\workSpaces\workSpaces_pycharm\autoTest1\menu.json
2025-03-24 15:05:48,590 - root - INFO - 已关闭通知框
2025-03-24 15:05:48,860 - root - INFO - 已点击退出登录按钮
2025-03-24 15:05:49,499 - root - INFO - 已点击确定按钮，完成退出登录
2025-03-24 15:05:53,940 - root - INFO - 已关闭浏览器
2025-03-24 15:05:55,002 - root - INFO - 开始登录操作
2025-03-24 15:05:57,283 - root - INFO - 已打开登录页面
2025-03-24 15:05:57,480 - root - INFO - 已输入用户名：guomj
2025-03-24 15:05:57,576 - root - INFO - 已输入密码：gmj123..
2025-03-24 15:05:57,652 - root - INFO - 验证码图片已保存到 D:\gmj\workSpaces\workSpaces_pycharm\autoTest1\config\captcha.png
2025-03-24 15:05:58,390 - root - INFO - 验证码识别结果: PNW7
2025-03-24 15:05:58,470 - root - INFO - 已输入验证码: PNW7，第 1 次尝试
2025-03-24 15:05:59,526 - root - INFO - 登录成功
2025-03-24 15:06:00,088 - root - INFO - Token: eyJ0eXAiOiJKV1QiLCJhbGciOiJIUzI1NiJ9.eyJpZCI6IjE4NTMyMzM5MjA5MDUwODA4MzMiLCJleHAiOjE3NDI4Mjg3NTgsInVzZXJuYW1lIjoiZ3VvbWoiLCJyZWFsbmFtZSI6IumDreaipuWohyjmraPlvI8pIn0.c661vyUglc7DFEosv35jAkoA3QbwRbFVOj-dlY8aHfc
2025-03-24 15:06:00,298 - root - INFO - 关闭浏览器
2025-03-24 15:06:02,589 - root - INFO - Test case test_menu_navigation ended at 2025-03-24 15:06:02.589230
