2025-03-24 16:08:01,868 - root - INFO - 使用的 ChromeDriver 路径: D:\gmj\workSpaces\workSpaces_pycharm\autoTest1\utils\chromedriver.exe
2025-03-24 16:08:02,070 - root - INFO - Test case test_sales_plan1 started at 2025-03-24 16:08:02.070814
2025-03-24 16:08:03,245 - root - INFO - 开始登录操作
2025-03-24 16:08:03,276 - root - INFO - 已打开登录页面
2025-03-24 16:08:06,513 - root - INFO - 已输入用户名：guomj
2025-03-24 16:08:06,590 - root - INFO - 已输入密码：gmj123..
2025-03-24 16:08:06,706 - root - INFO - 验证码图片已保存到 D:\gmj\workSpaces\workSpaces_pycharm\autoTest1\config\captcha.png
2025-03-24 16:08:07,471 - root - INFO - 验证码识别结果: x 6 9 g
2025-03-24 16:08:07,612 - root - INFO - 已输入验证码: x 6 9 g，第 1 次尝试
2025-03-24 16:08:12,714 - root - WARNING - 第 1 次登录失败，重新尝试
2025-03-24 16:08:12,715 - root - INFO - 开始登录操作
2025-03-24 16:08:14,612 - root - INFO - 已打开登录页面
2025-03-24 16:08:14,825 - root - INFO - 已输入用户名：guomj
2025-03-24 16:08:14,965 - root - INFO - 已输入密码：gmj123..
2025-03-24 16:08:15,066 - root - INFO - 验证码图片已保存到 D:\gmj\workSpaces\workSpaces_pycharm\autoTest1\config\captcha.png
2025-03-24 16:08:15,919 - root - INFO - 验证码识别结果: vAdG
2025-03-24 16:08:15,989 - root - INFO - 已输入验证码: vAdG，第 2 次尝试
2025-03-24 16:08:17,330 - root - INFO - 登录成功
2025-03-24 16:08:17,859 - root - INFO - Token: eyJ0eXAiOiJKV1QiLCJhbGciOiJIUzI1NiJ9.eyJpZCI6IjE4NTMyMzM5MjA5MDUwODA4MzMiLCJleHAiOjE3NDI4MzI0OTUsInVzZXJuYW1lIjoiZ3VvbWoiLCJyZWFsbmFtZSI6IumDreaipuWohyjmraPlvI8pIn0.nw4Qb7KCxVsgb5YnXpwGvf51MNXtn56Bdcyc-T-2Tbg
2025-03-24 16:08:28,258 - root - INFO - 关闭浏览器
2025-03-24 16:08:30,757 - root - INFO - Test case test_sales_plan1 ended at 2025-03-24 16:08:30.757300
