2025-05-15 17:34:22,999 - root - INFO - 使用的 ChromeDriver 路径: D:\gmj\workSpaces\workSpaces_pycharm\autoTest4\Base\utils\chromedriver.exe
2025-05-15 17:34:23,475 - root - INFO - Test case test_add_sales_plan started at 2025-05-15 17:34:23.475250
2025-05-15 17:34:24,514 - root - INFO - 开始登录操作
2025-05-15 17:34:38,079 - root - INFO - 已打开登录页面
2025-05-15 17:34:38,193 - root - INFO - 已输入用户名：guomj
2025-05-15 17:34:38,305 - root - INFO - 已输入密码：gmj123..
2025-05-15 17:34:38,430 - root - INFO - 验证码图片已保存到 D:\gmj\workSpaces\workSpaces_pycharm\autoTest4\Base\utils\captcha.png
2025-05-15 17:55:45,588 - root - INFO - 验证码识别结果: p7nk
2025-05-15 17:55:45,677 - root - INFO - 已输入验证码: p7nk，第 1 次尝试
2025-05-15 17:55:50,758 - root - WARNING - 第 1 次登录失败，重新尝试
2025-05-15 17:55:50,759 - root - INFO - 开始登录操作
2025-05-15 17:55:51,334 - root - INFO - 已打开登录页面
2025-05-15 17:55:51,448 - root - INFO - 已输入用户名：guomj
2025-05-15 17:55:51,539 - root - INFO - 已输入密码：gmj123..
2025-05-15 17:55:51,646 - root - INFO - 验证码图片已保存到 D:\gmj\workSpaces\workSpaces_pycharm\autoTest4\Base\utils\captcha.png
2025-05-15 17:55:59,857 - root - INFO - 验证码识别结果: 404
2025-05-15 17:55:59,945 - root - INFO - 已输入验证码: 404，第 2 次尝试
2025-05-15 17:56:05,030 - root - WARNING - 第 2 次登录失败，重新尝试
2025-05-15 17:56:05,030 - root - INFO - 开始登录操作
2025-05-15 17:56:05,359 - root - INFO - 已打开登录页面
2025-05-15 17:56:05,445 - root - INFO - 已输入用户名：guomj
2025-05-15 17:56:05,538 - root - INFO - 已输入密码：gmj123..
2025-05-15 17:56:05,659 - root - INFO - 验证码图片已保存到 D:\gmj\workSpaces\workSpaces_pycharm\autoTest4\Base\utils\captcha.png
2025-05-15 17:56:11,278 - root - INFO - 验证码识别结果: 404
2025-05-15 17:56:11,360 - root - INFO - 已输入验证码: 404，第 3 次尝试
2025-05-15 17:56:16,441 - root - WARNING - 第 3 次登录失败，重新尝试
2025-05-15 17:56:16,441 - root - INFO - 开始登录操作
2025-05-15 17:56:16,768 - root - INFO - 已打开登录页面
2025-05-15 17:56:16,854 - root - INFO - 已输入用户名：guomj
2025-05-15 17:56:16,952 - root - INFO - 已输入密码：gmj123..
2025-05-15 17:56:17,087 - root - INFO - 验证码图片已保存到 D:\gmj\workSpaces\workSpaces_pycharm\autoTest4\Base\utils\captcha.png
2025-05-15 17:56:23,334 - root - INFO - 验证码识别结果: 404
2025-05-15 17:56:23,419 - root - INFO - 已输入验证码: 404，第 4 次尝试
2025-05-15 17:56:28,498 - root - WARNING - 第 4 次登录失败，重新尝试
2025-05-15 17:56:28,498 - root - INFO - 开始登录操作
2025-05-15 17:56:28,858 - root - INFO - 已打开登录页面
2025-05-15 17:56:28,949 - root - INFO - 已输入用户名：guomj
2025-05-15 17:56:29,043 - root - INFO - 已输入密码：gmj123..
2025-05-15 17:56:29,152 - root - INFO - 验证码图片已保存到 D:\gmj\workSpaces\workSpaces_pycharm\autoTest4\Base\utils\captcha.png
2025-05-15 17:56:34,804 - root - INFO - 验证码识别结果: QwX4
2025-05-15 17:56:34,893 - root - INFO - 已输入验证码: QwX4，第 5 次尝试
2025-05-15 17:56:37,192 - root - INFO - 登录成功
2025-05-15 17:56:38,172 - root - INFO - 准备添加销售计划，ASIN=B0BTHRCY23, 月份数据=[{'month': '五月', 'value': '1000'}, {'month': '六月', 'value': '1000'}, {'month': '七月', 'value': '1000'}, {'month': '八月', 'value': '1000'}]
2025-05-15 17:56:43,491 - root - INFO - 点击前
2025-05-15 17:58:37,955 - root - INFO - 关闭浏览器
2025-05-15 17:58:40,043 - root - INFO - Test case test_add_sales_plan ended at 2025-05-15 17:58:40.043167
