2025-03-20 15:16:42,076 - root - INFO - 使用的 ChromeDriver 路径: D:\gmj\workSpaces\workSpaces_pycharm\autoTest1\utils\chromedriver.exe
2025-03-20 15:16:47,561 - root - INFO - Test case test_menu_navigation started at 2025-03-20 15:16:47.561933
2025-03-20 15:16:48,685 - root - INFO - 开始登录操作
2025-03-20 15:16:48,699 - root - INFO - 已打开登录页面
2025-03-20 15:16:51,057 - root - INFO - 已输入用户名：ptuser
2025-03-20 15:16:51,147 - root - INFO - 已输入密码：qwe123
2025-03-20 15:16:51,233 - root - INFO - 验证码图片已保存到 D:\gmj\workSpaces\workSpaces_pycharm\autoTest1\config\captcha.png
2025-03-20 15:16:51,975 - root - INFO - 验证码识别结果: aJ5Q
2025-03-20 15:16:52,042 - root - INFO - 已输入验证码: aJ5Q，第 1 次尝试
2025-03-20 15:16:53,190 - root - INFO - 登录成功
2025-03-20 15:16:53,231 - root - INFO - Token: eyJ0eXAiOiJKV1QiLCJhbGciOiJIUzI1NiJ9.eyJpZCI6IjE4NzE0NDExMjc1Mzg4MTQ5NzgiLCJleHAiOjE3NDI0ODM4MTIsInVzZXJuYW1lIjoicHR1c2VyIiwicmVhbG5hbWUiOiLns7vnu5_nrqHnkIblkZgifQ.gteYweV_rU5c64_b3xxzjem5VILYY13AzdtmfDEE4Dg
2025-03-20 15:16:53,241 - root - INFO - Token: eyJ0eXAiOiJKV1QiLCJhbGciOiJIUzI1NiJ9.eyJpZCI6IjE4NzE0NDExMjc1Mzg4MTQ5NzgiLCJleHAiOjE3NDI0ODM4MTIsInVzZXJuYW1lIjoicHR1c2VyIiwicmVhbG5hbWUiOiLns7vnu5_nrqHnkIblkZgifQ.gteYweV_rU5c64_b3xxzjem5VILYY13AzdtmfDEE4Dg
2025-03-20 15:16:53,278 - root - INFO - 开始解析36个根菜单项
2025-03-20 15:16:53,278 - root - INFO - 共提取到255个菜单项
2025-03-20 15:16:53,279 - root - INFO - 菜单数据已保存至: d:\gmj\workSpaces\workSpaces_pycharm\autoTest1\menu.json
2025-03-20 15:16:54,698 - root - ERROR - 退出登录时出现错误: Message: element click intercepted: Element <span data-v-8ef766a4="">...</span> is not clickable at point (1866, 29). Other element would receive the click: <div class="ant-notification-notice ant-notification-notice-closable">...</div>
  (Session info: chrome=131.0.6778.70)
Stacktrace:
	GetHandleVerifier [0x00007FF675C12775+28773]
	(No symbol) [0x00007FF675B7AFB0]
	(No symbol) [0x00007FF675A1552A]
	(No symbol) [0x00007FF675A70B5E]
	(No symbol) [0x00007FF675A6E5FC]
	(No symbol) [0x00007FF675A6B7E6]
	(No symbol) [0x00007FF675A6A741]
	(No symbol) [0x00007FF675A5C970]
	(No symbol) [0x00007FF675A8EF9A]
	(No symbol) [0x00007FF675A5C1C6]
	(No symbol) [0x00007FF675A8F1B0]
	(No symbol) [0x00007FF675AAF1A4]
	(No symbol) [0x00007FF675A8ED43]
	(No symbol) [0x00007FF675A5A548]
	(No symbol) [0x00007FF675A5B6B1]
	GetHandleVerifier [0x00007FF675F3F45D+3358029]
	GetHandleVerifier [0x00007FF675F5430D+3443709]
	GetHandleVerifier [0x00007FF675F483FD+3394797]
	GetHandleVerifier [0x00007FF675CD929B+842635]
	(No symbol) [0x00007FF675B8654F]
	(No symbol) [0x00007FF675B81FA4]
	(No symbol) [0x00007FF675B8213D]
	(No symbol) [0x00007FF675B71629]
	BaseThreadInitThunk [0x00007FFE15007614+20]
	RtlUserThreadStart [0x00007FFE159426A1+33]

2025-03-20 15:16:57,936 - root - INFO - 开始登录操作
2025-03-20 15:17:00,093 - root - INFO - 已打开登录页面
2025-03-20 15:17:00,197 - root - INFO - 已输入用户名：guomj
2025-03-20 15:17:00,263 - root - INFO - 已输入密码：gmj123..
2025-03-20 15:17:00,372 - root - INFO - 验证码图片已保存到 D:\gmj\workSpaces\workSpaces_pycharm\autoTest1\config\captcha.png
2025-03-20 15:17:01,273 - root - INFO - 验证码识别结果: svin
2025-03-20 15:17:01,349 - root - INFO - 已输入验证码: svin，第 1 次尝试
2025-03-20 15:17:06,401 - root - WARNING - 第 1 次登录失败，重新尝试
2025-03-20 15:17:06,401 - root - INFO - 开始登录操作
2025-03-20 15:17:08,041 - root - INFO - 已打开登录页面
2025-03-20 15:17:08,158 - root - INFO - 已输入用户名：guomj
2025-03-20 15:17:08,231 - root - INFO - 已输入密码：gmj123..
2025-03-20 15:17:08,330 - root - INFO - 验证码图片已保存到 D:\gmj\workSpaces\workSpaces_pycharm\autoTest1\config\captcha.png
2025-03-20 15:17:09,362 - root - INFO - 验证码识别结果: WpLY
2025-03-20 15:17:09,428 - root - INFO - 已输入验证码: WpLY，第 2 次尝试
2025-03-20 15:17:10,825 - root - INFO - 登录成功
2025-03-20 15:17:10,850 - root - INFO - Token: eyJ0eXAiOiJKV1QiLCJhbGciOiJIUzI1NiJ9.eyJpZCI6IjE4NTMyMzM5MjA5MDUwODA4MzMiLCJleHAiOjE3NDI0ODM4MjksInVzZXJuYW1lIjoiZ3VvbWoiLCJyZWFsbmFtZSI6IumDreaipuWohyjmraPlvI8pIn0.leKRUJnqHD-TM6Gnvb_yHhDyAJbn8VkKJidrL9IaxI4
2025-03-20 15:17:27,451 - urllib3.connectionpool - WARNING - Retrying (Retry(total=2, connect=None, read=None, redirect=None, status=None)) after connection broken by 'NewConnectionError('<urllib3.connection.HTTPConnection object at 0x000001A281FAB230>: Failed to establish a new connection: [WinError 10061] 由于目标计算机积极拒绝，无法连接。')': /session/9e4d5f6d5f077dfc4864f9043706a7d4/element
2025-03-20 15:17:31,503 - urllib3.connectionpool - WARNING - Retrying (Retry(total=1, connect=None, read=None, redirect=None, status=None)) after connection broken by 'NewConnectionError('<urllib3.connection.HTTPConnection object at 0x000001A28233A6F0>: Failed to establish a new connection: [WinError 10061] 由于目标计算机积极拒绝，无法连接。')': /session/9e4d5f6d5f077dfc4864f9043706a7d4/element
2025-03-20 15:17:35,569 - urllib3.connectionpool - WARNING - Retrying (Retry(total=0, connect=None, read=None, redirect=None, status=None)) after connection broken by 'NewConnectionError('<urllib3.connection.HTTPConnection object at 0x000001A282339D60>: Failed to establish a new connection: [WinError 10061] 由于目标计算机积极拒绝，无法连接。')': /session/9e4d5f6d5f077dfc4864f9043706a7d4/element
2025-03-20 15:17:37,608 - root - INFO - Test case test_menu_navigation ended at 2025-03-20 15:17:37.608055
