2025-03-20 15:36:54,179 - root - INFO - 使用的 ChromeDriver 路径: D:\gmj\workSpaces\workSpaces_pycharm\autoTest1\utils\chromedriver.exe
2025-03-20 15:36:54,821 - root - INFO - Test case test_menu_navigation started at 2025-03-20 15:36:54.821334
2025-03-20 15:36:55,879 - root - INFO - 开始登录操作
2025-03-20 15:36:55,915 - root - INFO - 已打开登录页面
2025-03-20 15:36:58,302 - root - INFO - 已输入用户名：ptuser
2025-03-20 15:36:58,373 - root - INFO - 已输入密码：qwe123
2025-03-20 15:36:58,475 - root - INFO - 验证码图片已保存到 D:\gmj\workSpaces\workSpaces_pycharm\autoTest1\config\captcha.png
2025-03-20 15:36:59,215 - root - INFO - 验证码识别结果: 404
2025-03-20 15:36:59,281 - root - INFO - 已输入验证码: 404，第 1 次尝试
2025-03-20 15:37:04,326 - root - WARNING - 第 1 次登录失败，重新尝试
2025-03-20 15:37:04,326 - root - INFO - 开始登录操作
2025-03-20 15:37:06,011 - root - INFO - 已打开登录页面
2025-03-20 15:37:06,103 - root - INFO - 已输入用户名：ptuser
2025-03-20 15:37:06,184 - root - INFO - 已输入密码：qwe123
2025-03-20 15:37:06,268 - root - INFO - 验证码图片已保存到 D:\gmj\workSpaces\workSpaces_pycharm\autoTest1\config\captcha.png
2025-03-20 15:37:07,025 - root - INFO - 验证码识别结果: 404
2025-03-20 15:37:07,086 - root - INFO - 已输入验证码: 404，第 2 次尝试
2025-03-20 15:37:09,104 - root - WARNING - 第 2 次登录失败，重新尝试
2025-03-20 15:37:09,105 - root - INFO - 开始登录操作
2025-03-20 15:37:09,106 - root - ERROR - 登录过程中出现错误: Message: no such window: target window already closed
from unknown error: web view not found
  (Session info: chrome=131.0.6778.70)
Stacktrace:
	GetHandleVerifier [0x00007FF675C12775+28773]
	(No symbol) [0x00007FF675B7AFB0]
	(No symbol) [0x00007FF675A1552A]
	(No symbol) [0x00007FF6759EF2B5]
	(No symbol) [0x00007FF675A95FD7]
	(No symbol) [0x00007FF675AAEA92]
	(No symbol) [0x00007FF675A8ED43]
	(No symbol) [0x00007FF675A5A548]
	(No symbol) [0x00007FF675A5B6B1]
	GetHandleVerifier [0x00007FF675F3F45D+3358029]
	GetHandleVerifier [0x00007FF675F5430D+3443709]
	GetHandleVerifier [0x00007FF675F483FD+3394797]
	GetHandleVerifier [0x00007FF675CD929B+842635]
	(No symbol) [0x00007FF675B8654F]
	(No symbol) [0x00007FF675B81FA4]
	(No symbol) [0x00007FF675B8213D]
	(No symbol) [0x00007FF675B71629]
	BaseThreadInitThunk [0x00007FFE15007614+20]
	RtlUserThreadStart [0x00007FFE159426A1+33]

2025-03-20 15:37:09,106 - root - INFO - 开始登录操作
2025-03-20 15:37:09,108 - root - ERROR - 登录过程中出现错误: Message: no such window: target window already closed
from unknown error: web view not found
  (Session info: chrome=131.0.6778.70)
Stacktrace:
	GetHandleVerifier [0x00007FF675C12775+28773]
	(No symbol) [0x00007FF675B7AFB0]
	(No symbol) [0x00007FF675A1552A]
	(No symbol) [0x00007FF6759EF2B5]
	(No symbol) [0x00007FF675A95FD7]
	(No symbol) [0x00007FF675AAEA92]
	(No symbol) [0x00007FF675A8ED43]
	(No symbol) [0x00007FF675A5A548]
	(No symbol) [0x00007FF675A5B6B1]
	GetHandleVerifier [0x00007FF675F3F45D+3358029]
	GetHandleVerifier [0x00007FF675F5430D+3443709]
	GetHandleVerifier [0x00007FF675F483FD+3394797]
	GetHandleVerifier [0x00007FF675CD929B+842635]
	(No symbol) [0x00007FF675B8654F]
	(No symbol) [0x00007FF675B81FA4]
	(No symbol) [0x00007FF675B8213D]
	(No symbol) [0x00007FF675B71629]
	BaseThreadInitThunk [0x00007FFE15007614+20]
	RtlUserThreadStart [0x00007FFE159426A1+33]

2025-03-20 15:37:09,108 - root - INFO - 开始登录操作
2025-03-20 15:37:09,109 - root - ERROR - 登录过程中出现错误: Message: no such window: target window already closed
from unknown error: web view not found
  (Session info: chrome=131.0.6778.70)
Stacktrace:
	GetHandleVerifier [0x00007FF675C12775+28773]
	(No symbol) [0x00007FF675B7AFB0]
	(No symbol) [0x00007FF675A1552A]
	(No symbol) [0x00007FF6759EF2B5]
	(No symbol) [0x00007FF675A95FD7]
	(No symbol) [0x00007FF675AAEA92]
	(No symbol) [0x00007FF675A8ED43]
	(No symbol) [0x00007FF675A5A548]
	(No symbol) [0x00007FF675A5B6B1]
	GetHandleVerifier [0x00007FF675F3F45D+3358029]
	GetHandleVerifier [0x00007FF675F5430D+3443709]
	GetHandleVerifier [0x00007FF675F483FD+3394797]
	GetHandleVerifier [0x00007FF675CD929B+842635]
	(No symbol) [0x00007FF675B8654F]
	(No symbol) [0x00007FF675B81FA4]
	(No symbol) [0x00007FF675B8213D]
	(No symbol) [0x00007FF675B71629]
	BaseThreadInitThunk [0x00007FFE15007614+20]
	RtlUserThreadStart [0x00007FFE159426A1+33]

2025-03-20 15:37:09,110 - root - ERROR - 验证码识别失败次数达到上限，登录失败
2025-03-20 15:37:09,253 - root - INFO - Test case test_menu_navigation ended at 2025-03-20 15:37:09.253125
