2025-05-10 16:44:01,282 - root - INFO - 使用的 ChromeDriver 路径: D:\gmj\workSpaces\workSpaces_pycharm\autoTest4\Base\utils\chromedriver.exe
2025-05-10 16:44:01,413 - root - INFO - Test case test_menu_navigation started at 2025-05-10 16:44:01.413782
2025-05-10 16:44:02,482 - root - INFO - 开始登录操作
2025-05-10 16:44:11,288 - root - INFO - 已打开登录页面
2025-05-10 16:44:11,378 - root - INFO - 已输入用户名：guomj
2025-05-10 16:44:11,454 - root - INFO - 已输入密码：gmj123..
2025-05-10 16:44:11,534 - root - INFO - 验证码图片已保存到 D:\gmj\workSpaces\workSpaces_pycharm\autoTest4\Base\utils\captcha.png
2025-05-10 16:44:12,353 - root - INFO - 验证码识别结果: MDhx
2025-05-10 16:44:12,432 - root - INFO - 已输入验证码: MDhx，第 1 次尝试
2025-05-10 16:44:17,230 - root - INFO - 登录成功
2025-05-10 16:44:18,094 - root - INFO - 已导航到销售计划页面
2025-05-10 16:44:18,099 - root - INFO - 实际页面URL: /amzShipment/salesPlan
2025-05-10 16:44:18,099 - root - INFO - 目标URL: http://124.222.178.125:3006/amzShipment/salesPlan
2025-05-10 16:44:18,101 - root - INFO - 关闭浏览器
2025-05-10 16:44:20,215 - root - INFO - Test case test_menu_navigation ended at 2025-05-10 16:44:20.215753
2025-05-10 16:44:20,219 - root - INFO - Test case test_add_sales_plan started at 2025-05-10 16:44:20.219743
2025-05-10 16:44:21,223 - root - INFO - 开始登录操作
2025-05-10 16:44:28,356 - root - INFO - 已打开登录页面
2025-05-10 16:44:28,458 - root - INFO - 已输入用户名：guomj
2025-05-10 16:44:28,545 - root - INFO - 已输入密码：gmj123..
2025-05-10 16:44:28,657 - root - INFO - 验证码图片已保存到 D:\gmj\workSpaces\workSpaces_pycharm\autoTest4\Base\utils\captcha.png
2025-05-10 16:44:29,416 - root - INFO - 验证码识别结果: BhMH
2025-05-10 16:44:29,489 - root - INFO - 已输入验证码: BhMH，第 1 次尝试
2025-05-10 16:44:33,064 - root - INFO - 登录成功
2025-05-10 16:44:33,068 - root - INFO - 关闭浏览器
2025-05-10 16:44:35,166 - root - INFO - Test case test_add_sales_plan ended at 2025-05-10 16:44:35.166386
