2025-05-22 18:51:26,429 - root - INFO - 使用的 ChromeDriver 路径: D:\gmj\workSpaces\workSpaces_pycharm\autoTest4\Base\utils\chromedriver.exe
2025-05-22 18:51:26,587 - root - INFO - Test case test_add_sales_plan started at 2025-05-22 18:51:26.587208
2025-05-22 18:51:27,897 - root - INFO - 开始登录操作
2025-05-22 18:51:36,755 - root - INFO - 已打开登录页面
2025-05-22 18:51:36,856 - root - INFO - 已输入用户名：guomj
2025-05-22 18:51:36,943 - root - INFO - 已输入密码：gmj123..
2025-05-22 18:51:37,034 - root - INFO - 验证码图片已保存到 D:\gmj\workSpaces\workSpaces_pycharm\autoTest4\Base\utils\captcha.png
2025-05-22 18:51:37,985 - root - INFO - 验证码识别结果: t2SF
2025-05-22 18:51:38,078 - root - INFO - 已输入验证码: t2SF，第 1 次尝试
2025-05-22 18:51:41,660 - root - INFO - 登录成功
2025-05-22 18:52:00,377 - root - ERROR - 添加销售计划异常，已截图: ./screenshots\add_sales_plan_error_20250522185200.png, 错误信息: Message: 
Stacktrace:
	GetHandleVerifier [0x00007FF6F6DF2775+28773]
	(No symbol) [0x00007FF6F6D5AFB0]
	(No symbol) [0x00007FF6F6BF552A]
	(No symbol) [0x00007FF6F6C48EAE]
	(No symbol) [0x00007FF6F6C4919C]
	(No symbol) [0x00007FF6F6C923F7]
	(No symbol) [0x00007FF6F6C6EFDF]
	(No symbol) [0x00007FF6F6C8F1A4]
	(No symbol) [0x00007FF6F6C6ED43]
	(No symbol) [0x00007FF6F6C3A548]
	(No symbol) [0x00007FF6F6C3B6B1]
	GetHandleVerifier [0x00007FF6F711F45D+3358029]
	GetHandleVerifier [0x00007FF6F713430D+3443709]
	GetHandleVerifier [0x00007FF6F71283FD+3394797]
	GetHandleVerifier [0x00007FF6F6EB929B+842635]
	(No symbol) [0x00007FF6F6D6654F]
	(No symbol) [0x00007FF6F6D61FA4]
	(No symbol) [0x00007FF6F6D6213D]
	(No symbol) [0x00007FF6F6D51629]
	BaseThreadInitThunk [0x00007FFA3FC07614+20]
	RtlUserThreadStart [0x00007FFA3FEA26A1+33]

2025-05-22 18:52:00,477 - root - INFO - 关闭浏览器
2025-05-22 18:52:03,684 - root - INFO - Test case test_add_sales_plan ended at 2025-05-22 18:52:03.684492
