2025-03-24 16:38:59,182 - root - INFO - 使用的 ChromeDriver 路径: D:\gmj\workSpaces\workSpaces_pycharm\autoTest1\utils\chromedriver.exe
2025-03-24 16:38:59,214 - root - INFO - Test case test_sales_plan1 started at 2025-03-24 16:38:59.214604
2025-03-24 16:39:00,313 - root - INFO - 开始登录操作
2025-03-24 16:39:03,679 - root - INFO - 已打开登录页面
2025-03-24 16:39:03,817 - root - INFO - 已输入用户名：guomj
2025-03-24 16:39:03,903 - root - INFO - 已输入密码：gmj123..
2025-03-24 16:39:04,037 - root - INFO - 验证码图片已保存到 D:\gmj\workSpaces\workSpaces_pycharm\autoTest1\config\captcha.png
2025-03-24 16:39:05,312 - root - INFO - 验证码识别结果: c A2 b
2025-03-24 16:39:05,380 - root - INFO - 已输入验证码: c A2 b，第 1 次尝试
2025-03-24 16:39:10,587 - root - WARNING - 第 1 次登录失败，重新尝试
2025-03-24 16:39:10,587 - root - INFO - 开始登录操作
2025-03-24 16:39:12,545 - root - INFO - 已打开登录页面
2025-03-24 16:39:12,629 - root - INFO - 已输入用户名：guomj
2025-03-24 16:39:12,704 - root - INFO - 已输入密码：gmj123..
2025-03-24 16:39:12,795 - root - INFO - 验证码图片已保存到 D:\gmj\workSpaces\workSpaces_pycharm\autoTest1\config\captcha.png
2025-03-24 16:39:13,589 - root - INFO - 验证码识别结果: GlDx
2025-03-24 16:39:13,656 - root - INFO - 已输入验证码: GlDx，第 2 次尝试
2025-03-24 16:39:14,917 - root - INFO - 登录成功
2025-03-24 16:39:15,460 - root - INFO - Token: eyJ0eXAiOiJKV1QiLCJhbGciOiJIUzI1NiJ9.eyJpZCI6IjE4NTMyMzM5MjA5MDUwODA4MzMiLCJleHAiOjE3NDI4MzQzNTMsInVzZXJuYW1lIjoiZ3VvbWoiLCJyZWFsbmFtZSI6IumDreaipuWohyjmraPlvI8pIn0.viORDI08lJsevliOc9TM8JvNKCMvvA5oBkpv_kYP1qM
2025-03-24 16:39:30,996 - root - ERROR - 操作超时，当前页面源码：
<html lang="zh-cmn-Hans" class=" "><head>
  <meta charset="utf-8">
  <meta http-equiv="X-UA-Compatible" content="IE=edge">
  <meta name="viewport" content="width=device-width,initial-scale=1.0">
  <meta name="renderer" content="webkit">
  <title>ERP</title>
  <link rel="icon" href="/logo.png">
  <script src="/cdn/babel-polyfill/polyfill_7_2_5.js"></script>
  <style>
    html,
    body,
    #app {
      height: 100%;
      margin: 0px;
      padding: 0px;
    }
    .chromeframe {
      margin: 0.2em 0;
      background: #ccc;
      color: #000;
      padding: 0.2em 0;
    }
    #loader-wrapper {
      position: fixed;
      top: 0;
      left: 0;
      width: 100%;
      height: 100%;
      z-index: 999999;
    }
    #loader {
      display: block;
      position: relative;
      left: 50%;
      top: 50%;
      width: 120px;
      height: 120px;
      margin: -75px 0 0 -75px;
      border-radius: 50%;
      border: 3px solid transparent;
      /* COLOR 1 */
      border-top-color: #FFF;
      -webkit-animation: spin 2s linear infinite;
      /* Chrome, Opera 15+, Safari 5+ */
      -ms-animation: spin 2s linear infinite;
      /* Chrome, Opera 15+, Safari 5+ */
      -moz-animation: spin 2s linear infinite;
      /* Chrome, Opera 15+, Safari 5+ */
      -o-animation: spin 2s linear infinite;
      /* Chrome, Opera 15+, Safari 5+ */
      animation: spin 2s linear infinite;
      /* Chrome, Firefox 16+, IE 10+, Opera */
      z-index: 1001;
    }
    #loader:before {
      content: "";
      position: absolute;
      top: 5px;
      left: 5px;
      right: 5px;
      bottom: 5px;
      border-radius: 50%;
      border: 3px solid transparent;
      /* COLOR 2 */
      border-top-color: #FFF;
      -webkit-animation: spin 3s linear infinite;
      /* Chrome, Opera 15+, Safari 5+ */
      -moz-animation: spin 3s linear infinite;
      /* Chrome, Opera 15+, Safari 5+ */
      -o-animation: spin 3s linear infinite;
      /* Chrome, Opera 15+, Safari 5+ */
      -ms-animat
2025-03-24 16:44:52,044 - root - INFO - 关闭浏览器
