2025-05-23 17:53:18,262 - root - INFO - 使用的 ChromeDriver 路径: D:\gmj\workSpaces\workSpaces_pycharm\autoTest4\Base\utils\chromedriver.exe
2025-05-23 17:53:18,399 - root - INFO - Test case test_add_sales_plan_quantity started at 2025-05-23 17:53:18.399526
2025-05-23 17:53:19,424 - root - INFO - 开始登录操作
2025-05-23 17:53:28,679 - root - INFO - 已打开登录页面
2025-05-23 17:53:28,779 - root - INFO - 已输入用户名：guomj
2025-05-23 17:53:28,864 - root - INFO - 已输入密码：gmj123..
2025-05-23 17:53:28,961 - root - INFO - 验证码图片已保存到 D:\gmj\workSpaces\workSpaces_pycharm\autoTest4\Base\utils\captcha.png
2025-05-23 17:53:30,044 - root - INFO - 验证码识别结果: A8Y ri
2025-05-23 17:53:30,131 - root - INFO - 已输入验证码: A8Y ri，第 1 次尝试
2025-05-23 17:53:40,229 - root - WARNING - 第 1 次登录失败，重新尝试
2025-05-23 17:53:40,230 - root - INFO - 开始登录操作
2025-05-23 17:53:40,787 - root - INFO - 已打开登录页面
2025-05-23 17:53:40,898 - root - INFO - 已输入用户名：guomj
2025-05-23 17:53:40,982 - root - INFO - 已输入密码：gmj123..
2025-05-23 17:53:41,084 - root - INFO - 验证码图片已保存到 D:\gmj\workSpaces\workSpaces_pycharm\autoTest4\Base\utils\captcha.png
2025-05-23 17:53:41,821 - root - INFO - 验证码识别结果: ve 3 W
2025-05-23 17:53:41,901 - root - INFO - 已输入验证码: ve 3 W，第 2 次尝试
2025-05-23 17:53:52,005 - root - WARNING - 第 2 次登录失败，重新尝试
2025-05-23 17:53:52,005 - root - INFO - 开始登录操作
2025-05-23 17:53:52,331 - root - INFO - 已打开登录页面
2025-05-23 17:53:52,408 - root - INFO - 已输入用户名：guomj
2025-05-23 17:53:52,487 - root - INFO - 已输入密码：gmj123..
2025-05-23 17:53:52,579 - root - INFO - 验证码图片已保存到 D:\gmj\workSpaces\workSpaces_pycharm\autoTest4\Base\utils\captcha.png
2025-05-23 17:53:53,315 - root - INFO - 验证码识别结果: g L9 5
2025-05-23 17:53:53,397 - root - INFO - 已输入验证码: g L9 5，第 3 次尝试
2025-05-23 17:54:03,500 - root - WARNING - 第 3 次登录失败，重新尝试
2025-05-23 17:54:03,501 - root - INFO - 开始登录操作
2025-05-23 17:54:03,826 - root - INFO - 已打开登录页面
2025-05-23 17:54:03,908 - root - INFO - 已输入用户名：guomj
2025-05-23 17:54:03,995 - root - INFO - 已输入密码：gmj123..
2025-05-23 17:54:04,089 - root - INFO - 验证码图片已保存到 D:\gmj\workSpaces\workSpaces_pycharm\autoTest4\Base\utils\captcha.png
2025-05-23 17:54:04,820 - root - INFO - 验证码识别结果: lg Ti
2025-05-23 17:54:04,901 - root - INFO - 已输入验证码: lg Ti，第 4 次尝试
2025-05-23 17:54:15,003 - root - WARNING - 第 4 次登录失败，重新尝试
2025-05-23 17:54:15,004 - root - INFO - 开始登录操作
2025-05-23 17:54:15,338 - root - INFO - 已打开登录页面
2025-05-23 17:54:15,416 - root - INFO - 已输入用户名：guomj
2025-05-23 17:54:15,494 - root - INFO - 已输入密码：gmj123..
2025-05-23 17:54:15,597 - root - INFO - 验证码图片已保存到 D:\gmj\workSpaces\workSpaces_pycharm\autoTest4\Base\utils\captcha.png
2025-05-23 17:54:16,392 - root - INFO - 验证码识别结果: 6 r2N
2025-05-23 17:54:16,469 - root - INFO - 已输入验证码: 6 r2N，第 5 次尝试
2025-05-23 17:54:26,572 - root - WARNING - 第 5 次登录失败，重新尝试
2025-05-23 17:54:26,573 - root - ERROR - 验证码识别失败次数达到上限，登录失败
2025-05-23 17:54:26,648 - root - INFO - Test case test_add_sales_plan_quantity ended at 2025-05-23 17:54:26.648686
