2025-03-24 15:55:14,995 - root - INFO - 使用的 ChromeDriver 路径: D:\gmj\workSpaces\workSpaces_pycharm\autoTest1\utils\chromedriver.exe
2025-03-24 15:55:15,981 - root - INFO - Test case test_menu_navigation started at 2025-03-24 15:55:15.981976
2025-03-24 15:55:16,991 - root - INFO - 开始登录操作
2025-03-24 15:55:19,650 - root - INFO - 已打开登录页面
2025-03-24 15:55:19,758 - root - INFO - 已输入用户名：ptuser
2025-03-24 15:55:19,821 - root - INFO - 已输入密码：qwe123
2025-03-24 15:55:19,907 - root - INFO - 验证码图片已保存到 D:\gmj\workSpaces\workSpaces_pycharm\autoTest1\config\captcha.png
2025-03-24 15:55:20,666 - root - INFO - 验证码识别结果: 1 MMS
2025-03-24 15:55:20,732 - root - INFO - 已输入验证码: 1 MMS，第 1 次尝试
2025-03-24 15:55:25,886 - root - WARNING - 第 1 次登录失败，重新尝试
2025-03-24 15:55:25,886 - root - INFO - 开始登录操作
2025-03-24 15:55:28,536 - root - INFO - 已打开登录页面
2025-03-24 15:55:28,607 - root - INFO - 已输入用户名：ptuser
2025-03-24 15:55:28,670 - root - INFO - 已输入密码：qwe123
2025-03-24 15:55:28,781 - root - INFO - 验证码图片已保存到 D:\gmj\workSpaces\workSpaces_pycharm\autoTest1\config\captcha.png
2025-03-24 15:55:29,583 - root - INFO - 验证码识别结果: lwRu
2025-03-24 15:55:29,706 - root - INFO - 已输入验证码: lwRu，第 2 次尝试
2025-03-24 15:55:31,314 - root - INFO - 登录成功
2025-03-24 15:55:31,364 - root - INFO - Token: eyJ0eXAiOiJKV1QiLCJhbGciOiJIUzI1NiJ9.eyJpZCI6IjE4NzE0NDExMjc1Mzg4MTQ5NzgiLCJleHAiOjE3NDI4MzE3MjksInVzZXJuYW1lIjoicHR1c2VyIiwicmVhbG5hbWUiOiLns7vnu5_nrqHnkIblkZgifQ.7e71Qj8jrVSAmBwjvPqIVr16KZoOf6IGvXF6YTPE0UU
2025-03-24 15:55:31,850 - root - INFO - Token: eyJ0eXAiOiJKV1QiLCJhbGciOiJIUzI1NiJ9.eyJpZCI6IjE4NzE0NDExMjc1Mzg4MTQ5NzgiLCJleHAiOjE3NDI4MzE3MjksInVzZXJuYW1lIjoicHR1c2VyIiwicmVhbG5hbWUiOiLns7vnu5_nrqHnkIblkZgifQ.7e71Qj8jrVSAmBwjvPqIVr16KZoOf6IGvXF6YTPE0UU
2025-03-24 15:55:31,884 - root - INFO - 开始解析36个根菜单项
2025-03-24 15:55:31,885 - root - INFO - 共提取到257个菜单项
2025-03-24 15:55:31,886 - root - INFO - 菜单数据已保存至: d:\gmj\workSpaces\workSpaces_pycharm\autoTest1\menu.json
2025-03-24 15:55:32,064 - root - INFO - 已关闭通知框
2025-03-24 15:55:32,341 - root - INFO - 已点击退出登录按钮
2025-03-24 15:55:32,923 - root - INFO - 已点击确定按钮，完成退出登录
2025-03-24 15:55:36,317 - root - INFO - 已关闭浏览器
2025-03-24 15:55:37,339 - root - INFO - 开始登录操作
2025-03-24 15:55:37,356 - root - INFO - 已打开登录页面
2025-03-24 15:55:40,093 - root - INFO - 已输入用户名：guomj
2025-03-24 15:55:40,186 - root - INFO - 已输入密码：gmj123..
2025-03-24 15:55:40,274 - root - INFO - 验证码图片已保存到 D:\gmj\workSpaces\workSpaces_pycharm\autoTest1\config\captcha.png
2025-03-24 15:55:41,018 - root - INFO - 验证码识别结果: P6Pd
2025-03-24 15:55:41,097 - root - INFO - 已输入验证码: P6Pd，第 1 次尝试
2025-03-24 15:55:42,502 - root - INFO - 登录成功
2025-03-24 15:55:42,525 - root - INFO - Token: eyJ0eXAiOiJKV1QiLCJhbGciOiJIUzI1NiJ9.eyJpZCI6IjE4NTMyMzM5MjA5MDUwODA4MzMiLCJleHAiOjE3NDI4MzE3NDEsInVzZXJuYW1lIjoiZ3VvbWoiLCJyZWFsbmFtZSI6IumDreaipuWohyjmraPlvI8pIn0.jtOuq24tpwQMDICyqrdpVRjrQlk706EjDzwvDRlLpbg
2025-03-24 15:55:58,290 - root - ERROR - 导航到销售计划页面超时: Message: 
Stacktrace:
	GetHandleVerifier [0x00007FF780412775+28773]
	(No symbol) [0x00007FF78037AFB0]
	(No symbol) [0x00007FF78021552A]
	(No symbol) [0x00007FF780268EAE]
	(No symbol) [0x00007FF78026919C]
	(No symbol) [0x00007FF7802B23F7]
	(No symbol) [0x00007FF78028EFDF]
	(No symbol) [0x00007FF7802AF1A4]
	(No symbol) [0x00007FF78028ED43]
	(No symbol) [0x00007FF78025A548]
	(No symbol) [0x00007FF78025B6B1]
	GetHandleVerifier [0x00007FF78073F45D+3358029]
	GetHandleVerifier [0x00007FF78075430D+3443709]
	GetHandleVerifier [0x00007FF7807483FD+3394797]
	GetHandleVerifier [0x00007FF7804D929B+842635]
	(No symbol) [0x00007FF78038654F]
	(No symbol) [0x00007FF780381FA4]
	(No symbol) [0x00007FF78038213D]
	(No symbol) [0x00007FF780371629]
	BaseThreadInitThunk [0x00007FF8652F7614+20]
	RtlUserThreadStart [0x00007FF8654E26A1+33]

2025-03-24 15:55:58,471 - root - INFO - 关闭浏览器
2025-03-24 15:56:00,647 - root - INFO - Test case test_menu_navigation ended at 2025-03-24 15:56:00.647408
