2025-05-20 14:42:24,236 - root - INFO - 使用的 ChromeDriver 路径: D:\gmj\workSpaces\workSpaces_pycharm\autoTest4\Base\utils\chromedriver.exe
2025-05-20 14:42:24,371 - root - INFO - Test case test_add_sales_plan started at 2025-05-20 14:42:24.371020
2025-05-20 14:42:25,405 - root - INFO - 开始登录操作
2025-05-20 14:42:32,877 - root - INFO - 已打开登录页面
2025-05-20 14:42:32,976 - root - INFO - 已输入用户名：guomj
2025-05-20 14:42:33,056 - root - INFO - 已输入密码：gmj123..
2025-05-20 14:42:33,140 - root - INFO - 验证码图片已保存到 D:\gmj\workSpaces\workSpaces_pycharm\autoTest4\Base\utils\captcha.png
2025-05-20 14:42:34,117 - root - INFO - 验证码识别结果: N0鈪磚
2025-05-20 14:42:34,197 - root - INFO - 已输入验证码: N0鈪磚，第 1 次尝试
2025-05-20 14:42:44,299 - root - WARNING - 第 1 次登录失败，重新尝试
2025-05-20 14:42:44,299 - root - INFO - 开始登录操作
2025-05-20 14:42:44,837 - root - INFO - 已打开登录页面
2025-05-20 14:42:44,944 - root - INFO - 已输入用户名：guomj
2025-05-20 14:42:45,015 - root - INFO - 已输入密码：gmj123..
2025-05-20 14:42:45,103 - root - INFO - 验证码图片已保存到 D:\gmj\workSpaces\workSpaces_pycharm\autoTest4\Base\utils\captcha.png
2025-05-20 14:42:45,846 - root - INFO - 验证码识别结果: ycDH
2025-05-20 14:42:45,922 - root - INFO - 已输入验证码: ycDH，第 2 次尝试
2025-05-20 14:42:48,105 - root - INFO - 登录成功
2025-05-20 14:42:58,810 - root - INFO - 关闭浏览器
2025-05-20 14:43:00,899 - root - INFO - Test case test_add_sales_plan ended at 2025-05-20 14:43:00.899087
