2025-03-20 15:43:48,811 - root - INFO - 使用的 ChromeDriver 路径: D:\gmj\workSpaces\workSpaces_pycharm\autoTest1\utils\chromedriver.exe
2025-03-20 15:43:49,454 - root - INFO - Test case test_menu_navigation started at 2025-03-20 15:43:49.454922
2025-03-20 15:43:50,595 - root - INFO - 开始登录操作
2025-03-20 15:44:17,173 - root - INFO - 已打开登录页面
2025-03-20 15:44:17,266 - root - INFO - 已输入用户名：ptuser
2025-03-20 15:44:17,336 - root - INFO - 已输入密码：qwe123
2025-03-20 15:44:17,417 - root - INFO - 验证码图片已保存到 D:\gmj\workSpaces\workSpaces_pycharm\autoTest1\config\captcha.png
2025-03-20 15:44:18,146 - root - INFO - 验证码识别结果: 404
2025-03-20 15:44:18,214 - root - INFO - 已输入验证码: 404，第 1 次尝试
2025-03-20 15:44:23,260 - root - WARNING - 第 1 次登录失败，重新尝试
2025-03-20 15:44:23,260 - root - INFO - 开始登录操作
2025-03-20 15:44:23,908 - root - INFO - 已打开登录页面
2025-03-20 15:44:23,992 - root - INFO - 已输入用户名：ptuser
2025-03-20 15:44:24,054 - root - INFO - 已输入密码：qwe123
2025-03-20 15:44:24,140 - root - INFO - 验证码图片已保存到 D:\gmj\workSpaces\workSpaces_pycharm\autoTest1\config\captcha.png
2025-03-20 15:44:24,871 - root - INFO - 验证码识别结果: 404
2025-03-20 15:44:24,935 - root - INFO - 已输入验证码: 404，第 2 次尝试
2025-03-20 15:44:29,983 - root - WARNING - 第 2 次登录失败，重新尝试
2025-03-20 15:44:29,983 - root - INFO - 开始登录操作
2025-03-20 15:44:30,245 - root - INFO - 已打开登录页面
2025-03-20 15:44:40,425 - root - ERROR - 登录过程中出现错误: Message: 
Stacktrace:
	GetHandleVerifier [0x00007FF675C12775+28773]
	(No symbol) [0x00007FF675B7AFB0]
	(No symbol) [0x00007FF675A1552A]
	(No symbol) [0x00007FF675A68EAE]
	(No symbol) [0x00007FF675A6919C]
	(No symbol) [0x00007FF675AB23F7]
	(No symbol) [0x00007FF675A8EFDF]
	(No symbol) [0x00007FF675AAF1A4]
	(No symbol) [0x00007FF675A8ED43]
	(No symbol) [0x00007FF675A5A548]
	(No symbol) [0x00007FF675A5B6B1]
	GetHandleVerifier [0x00007FF675F3F45D+3358029]
	GetHandleVerifier [0x00007FF675F5430D+3443709]
	GetHandleVerifier [0x00007FF675F483FD+3394797]
	GetHandleVerifier [0x00007FF675CD929B+842635]
	(No symbol) [0x00007FF675B8654F]
	(No symbol) [0x00007FF675B81FA4]
	(No symbol) [0x00007FF675B8213D]
	(No symbol) [0x00007FF675B71629]
	BaseThreadInitThunk [0x00007FFE15007614+20]
	RtlUserThreadStart [0x00007FFE159426A1+33]

2025-03-20 15:44:40,425 - root - INFO - 开始登录操作
2025-03-20 15:44:40,650 - root - INFO - 已打开登录页面
2025-03-20 15:44:40,743 - root - INFO - 已输入用户名：ptuser
2025-03-20 15:44:40,819 - root - INFO - 已输入密码：qwe123
2025-03-20 15:44:40,906 - root - INFO - 验证码图片已保存到 D:\gmj\workSpaces\workSpaces_pycharm\autoTest1\config\captcha.png
2025-03-20 15:44:41,634 - root - INFO - 验证码识别结果: n4bB
2025-03-20 15:44:41,698 - root - INFO - 已输入验证码: n4bB，第 4 次尝试
2025-03-20 15:44:42,404 - root - INFO - 登录成功
2025-03-20 15:44:42,417 - root - INFO - Token: eyJ0eXAiOiJKV1QiLCJhbGciOiJIUzI1NiJ9.eyJpZCI6IjE4NzE0NDExMjc1Mzg4MTQ5NzgiLCJleHAiOjE3NDI0ODU0ODEsInVzZXJuYW1lIjoicHR1c2VyIiwicmVhbG5hbWUiOiLns7vnu5_nrqHnkIblkZgifQ.Nx3fBM1JdsiouOUG3D_Ualb0ByMDF9hSDPXmq2dzeiE
2025-03-20 15:44:42,425 - root - INFO - Token: eyJ0eXAiOiJKV1QiLCJhbGciOiJIUzI1NiJ9.eyJpZCI6IjE4NzE0NDExMjc1Mzg4MTQ5NzgiLCJleHAiOjE3NDI0ODU0ODEsInVzZXJuYW1lIjoicHR1c2VyIiwicmVhbG5hbWUiOiLns7vnu5_nrqHnkIblkZgifQ.Nx3fBM1JdsiouOUG3D_Ualb0ByMDF9hSDPXmq2dzeiE
2025-03-20 15:44:45,569 - root - ERROR - 退出登录时出现错误: Message: element click intercepted: Element <span data-v-ec98c414="">...</span> is not clickable at point (1866, 29). Other element would receive the click: <div class="ant-notification-notice ant-notification-notice-closable">...</div>
  (Session info: chrome=131.0.6778.70)
Stacktrace:
	GetHandleVerifier [0x00007FF675C12775+28773]
	(No symbol) [0x00007FF675B7AFB0]
	(No symbol) [0x00007FF675A1552A]
	(No symbol) [0x00007FF675A70B5E]
	(No symbol) [0x00007FF675A6E5FC]
	(No symbol) [0x00007FF675A6B7E6]
	(No symbol) [0x00007FF675A6A741]
	(No symbol) [0x00007FF675A5C970]
	(No symbol) [0x00007FF675A8EF9A]
	(No symbol) [0x00007FF675A5C1C6]
	(No symbol) [0x00007FF675A8F1B0]
	(No symbol) [0x00007FF675AAF1A4]
	(No symbol) [0x00007FF675A8ED43]
	(No symbol) [0x00007FF675A5A548]
	(No symbol) [0x00007FF675A5B6B1]
	GetHandleVerifier [0x00007FF675F3F45D+3358029]
	GetHandleVerifier [0x00007FF675F5430D+3443709]
	GetHandleVerifier [0x00007FF675F483FD+3394797]
	GetHandleVerifier [0x00007FF675CD929B+842635]
	(No symbol) [0x00007FF675B8654F]
	(No symbol) [0x00007FF675B81FA4]
	(No symbol) [0x00007FF675B8213D]
	(No symbol) [0x00007FF675B71629]
	BaseThreadInitThunk [0x00007FFE15007614+20]
	RtlUserThreadStart [0x00007FFE159426A1+33]

2025-03-20 15:44:51,971 - urllib3.connectionpool - WARNING - Retrying (Retry(total=2, connect=None, read=None, redirect=None, status=None)) after connection broken by 'NewConnectionError('<urllib3.connection.HTTPConnection object at 0x00000168CF36E2A0>: Failed to establish a new connection: [WinError 10061] 由于目标计算机积极拒绝，无法连接。')': /session/920702c58109f7b01f55a6c7af05a600/element
2025-03-20 15:44:56,045 - urllib3.connectionpool - WARNING - Retrying (Retry(total=1, connect=None, read=None, redirect=None, status=None)) after connection broken by 'NewConnectionError('<urllib3.connection.HTTPConnection object at 0x00000168CF36D190>: Failed to establish a new connection: [WinError 10061] 由于目标计算机积极拒绝，无法连接。')': /session/920702c58109f7b01f55a6c7af05a600/element
2025-03-20 15:45:00,118 - urllib3.connectionpool - WARNING - Retrying (Retry(total=0, connect=None, read=None, redirect=None, status=None)) after connection broken by 'NewConnectionError('<urllib3.connection.HTTPConnection object at 0x00000168CF36DAF0>: Failed to establish a new connection: [WinError 10061] 由于目标计算机积极拒绝，无法连接。')': /session/920702c58109f7b01f55a6c7af05a600/element
2025-03-20 15:45:04,200 - root - INFO - Test case test_menu_navigation ended at 2025-03-20 15:45:04.200492
