2025-05-27 08:17:34,868 - root - INFO - 使用的 ChromeDriver 路径: D:\gmj\workSpaces\workSpaces_pycharm\autoTest4\Base\utils\chromedriver.exe
2025-05-27 08:17:35,156 - root - INFO - Test case test_add_sales_plan_quantity started at 2025-05-27 08:17:35.156785
2025-05-27 08:17:36,202 - root - INFO - 开始登录操作
2025-05-27 08:17:44,430 - root - INFO - 已打开登录页面
2025-05-27 08:17:44,585 - root - INFO - 已输入用户名：guomj
2025-05-27 08:17:44,681 - root - INFO - 已输入密码：gmj123..
2025-05-27 08:17:44,765 - root - INFO - 验证码图片已保存到 D:\gmj\workSpaces\workSpaces_pycharm\autoTest4\Base\utils\captcha.png
2025-05-27 08:17:46,653 - root - INFO - 验证码识别结果: L3P3
2025-05-27 08:17:46,744 - root - INFO - 已输入验证码: L3P3，第 1 次尝试
2025-05-27 08:17:50,296 - root - INFO - 登录成功
2025-05-27 08:17:58,433 - root - INFO - 保存成功提示: 添加成功！
2025-05-27 08:17:58,433 - root - INFO - 实际成功提示内容: 添加成功！
2025-05-27 08:18:01,306 - root - INFO - 获取提示信息: 添加成功！
2025-05-27 08:18:05,704 - root - INFO - 获取提示信息: 添加成功！
2025-05-27 08:18:10,126 - root - INFO - 获取提示信息: 添加成功！
2025-05-27 08:18:14,532 - root - INFO - 获取提示信息: 添加成功！
2025-05-27 08:18:18,938 - root - INFO - 获取提示信息: 添加成功！
2025-05-27 08:18:23,335 - root - INFO - 获取提示信息: 添加成功！
2025-05-27 08:18:27,744 - root - INFO - 获取提示信息: 请添加sku计划数量
2025-05-27 08:18:32,143 - root - INFO - 获取提示信息: 请添加sku计划数量
2025-05-27 08:18:36,524 - root - INFO - 获取提示信息: 请添加sku计划数量
2025-05-27 08:18:40,913 - root - INFO - 获取提示信息: 请添加sku计划数量
2025-05-27 08:18:45,317 - root - INFO - 获取提示信息: 操作失败，系统错误请联系管理员！
2025-05-27 08:18:49,708 - root - INFO - 获取提示信息: 操作失败，系统错误请联系管理员！
2025-05-27 08:18:54,112 - root - INFO - 获取提示信息: 添加成功！
2025-05-27 08:18:56,113 - root - INFO - 关闭浏览器
2025-05-27 08:18:58,217 - root - INFO - Test case test_add_sales_plan_quantity ended at 2025-05-27 08:18:58.217176
