2025-06-03 17:17:34,829 - root - INFO - 使用的 ChromeDriver 路径: D:\gmj\workSpaces\workSpaces_pycharm\autoTest4\Base\utils\chromedriver.exe
2025-06-03 17:17:34,979 - root - INFO - Test case test_add_sales_plan_onemonth started at 2025-06-03 17:17:34.978284
2025-06-03 17:17:35,994 - root - INFO - 开始登录操作
2025-06-03 17:17:44,909 - root - INFO - 已打开登录页面
2025-06-03 17:17:45,026 - root - INFO - 已输入用户名：guomj
2025-06-03 17:17:45,126 - root - INFO - 已输入密码：gmj123..
2025-06-03 17:17:45,207 - root - INFO - 验证码图片已保存到 D:\gmj\workSpaces\workSpaces_pycharm\autoTest4\Base\utils\captcha.png
2025-06-03 17:17:49,959 - root - INFO - 验证码识别结果: g p a J
2025-06-03 17:17:50,073 - root - INFO - 已输入验证码: g p a J，第 1 次尝试
2025-06-03 17:18:00,217 - root - WARNING - 第 1 次登录失败，重新尝试
2025-06-03 17:18:00,218 - root - INFO - 开始登录操作
2025-06-03 17:18:00,956 - root - INFO - 已打开登录页面
2025-06-03 17:18:01,076 - root - INFO - 已输入用户名：guomj
2025-06-03 17:18:01,212 - root - INFO - 已输入密码：gmj123..
2025-06-03 17:18:01,321 - root - INFO - 验证码图片已保存到 D:\gmj\workSpaces\workSpaces_pycharm\autoTest4\Base\utils\captcha.png
2025-06-03 17:18:05,647 - root - INFO - 验证码识别结果: j0pV
2025-06-03 17:18:05,848 - root - INFO - 已输入验证码: j0pV，第 2 次尝试
2025-06-03 17:18:06,673 - root - INFO - 登录成功
2025-06-03 17:18:06,681 - root - INFO - 点击主菜单: ('xpath', "//*[@role='menu']//span[text()='Amazon发货']")
2025-06-03 17:18:06,880 - root - INFO - 点击子菜单: ('xpath', "//*[@role='menu']//a[span[text()='销售计划']]")
2025-06-03 17:18:07,613 - root - INFO - 等待URL包含: /amzShipment/salesPlan
2025-06-03 17:18:07,628 - root - INFO - 点击店铺选择器
2025-06-03 17:18:08,220 - root - INFO - 点击市场选择器
2025-06-03 17:18:10,721 - root - INFO - 点击销售计划菜单
2025-06-03 17:18:11,679 - root - INFO - 输入ASIN: B0BV29TQWG
2025-06-03 17:18:11,768 - root - INFO - 点击搜索按钮
2025-06-03 17:18:12,267 - root - INFO - 点击创建需求按钮
2025-06-03 17:18:12,886 - root - INFO - 等待月份选择框出现
2025-06-03 17:18:12,902 - root - INFO - 点击月份选择框
2025-06-03 17:18:13,483 - root - INFO - 等待弹窗月份选项出现
2025-06-03 17:18:23,910 - root - ERROR - 添加销售计划异常，已截图: ./screenshots\add_sales_plan_error_20250603171823.png, 错误信息: Message: 
Stacktrace:
	GetHandleVerifier [0x0x7ff755126f65+78965]
	GetHandleVerifier [0x0x7ff755126fc0+79056]
	(No symbol) [0x0x7ff754eb9dda]
	(No symbol) [0x0x7ff754f102ea]
	(No symbol) [0x0x7ff754f1059c]
	(No symbol) [0x0x7ff754f63f37]
	(No symbol) [0x0x7ff754f386af]
	(No symbol) [0x0x7ff754f60dbe]
	(No symbol) [0x0x7ff754f38443]
	(No symbol) [0x0x7ff754f01311]
	(No symbol) [0x0x7ff754f020a3]
	GetHandleVerifier [0x0x7ff7553de26d+2926461]
	GetHandleVerifier [0x0x7ff7553d8993+2903715]
	GetHandleVerifier [0x0x7ff7553f6aed+3026941]
	GetHandleVerifier [0x0x7ff7551416fe+187406]
	GetHandleVerifier [0x0x7ff7551496ef+220159]
	GetHandleVerifier [0x0x7ff75512faf4+114692]
	GetHandleVerifier [0x0x7ff75512fca9+115129]
	GetHandleVerifier [0x0x7ff7551164d8+10728]
	BaseThreadInitThunk [0x0x7ffd678d7614+20]
	RtlUserThreadStart [0x0x7ffd687e26a1+33]

2025-06-03 17:18:23,968 - root - INFO - 关闭浏览器
2025-06-03 17:18:26,057 - root - INFO - Test case test_add_sales_plan_onemonth ended at 2025-06-03 17:18:26.057336
