2025-05-10 17:11:11,381 - root - INFO - 使用的 ChromeDriver 路径: D:\gmj\workSpaces\workSpaces_pycharm\autoTest4\Base\utils\chromedriver.exe
2025-05-10 17:11:11,523 - root - INFO - Test case test_menu_navigation started at 2025-05-10 17:11:11.523583
2025-05-10 17:11:12,563 - root - INFO - 开始登录操作
2025-05-10 17:11:20,390 - root - INFO - 已打开登录页面
2025-05-10 17:11:20,478 - root - INFO - 已输入用户名：guomj
2025-05-10 17:11:20,561 - root - INFO - 已输入密码：gmj123..
2025-05-10 17:11:20,637 - root - INFO - 验证码图片已保存到 D:\gmj\workSpaces\workSpaces_pycharm\autoTest4\Base\utils\captcha.png
2025-05-10 17:11:21,448 - root - INFO - 验证码识别结果: 4 e vs
2025-05-10 17:11:21,539 - root - INFO - 已输入验证码: 4 e vs，第 1 次尝试
2025-05-10 17:11:26,621 - root - WARNING - 第 1 次登录失败，重新尝试
2025-05-10 17:11:26,623 - root - INFO - 开始登录操作
2025-05-10 17:11:27,459 - root - INFO - 已打开登录页面
2025-05-10 17:11:27,549 - root - INFO - 已输入用户名：guomj
2025-05-10 17:11:27,621 - root - INFO - 已输入密码：gmj123..
2025-05-10 17:11:27,720 - root - INFO - 验证码图片已保存到 D:\gmj\workSpaces\workSpaces_pycharm\autoTest4\Base\utils\captcha.png
2025-05-10 17:11:28,436 - root - INFO - 验证码识别结果: mPz5
2025-05-10 17:11:28,512 - root - INFO - 已输入验证码: mPz5，第 2 次尝试
2025-05-10 17:11:32,553 - root - INFO - 登录成功
2025-05-10 17:11:33,554 - root - INFO - 已导航到销售计划页面
2025-05-10 17:11:33,562 - root - INFO - 实际页面URL: http://124.222.178.125:3006/amzShipment/salesPlan
2025-05-10 17:11:33,563 - root - INFO - 目标URL: http://124.222.178.125:3006/amzShipment/salesPlan
2025-05-10 17:11:33,622 - root - INFO - 关闭浏览器
2025-05-10 17:11:35,786 - root - INFO - Test case test_menu_navigation ended at 2025-05-10 17:11:35.786730
2025-05-10 17:11:35,790 - root - INFO - Test case test_add_sales_plan started at 2025-05-10 17:11:35.790696
2025-05-10 17:11:36,846 - root - INFO - 开始登录操作
2025-05-10 17:11:43,290 - root - INFO - 已打开登录页面
2025-05-10 17:11:43,375 - root - INFO - 已输入用户名：guomj
2025-05-10 17:11:43,456 - root - INFO - 已输入密码：gmj123..
2025-05-10 17:11:43,539 - root - INFO - 验证码图片已保存到 D:\gmj\workSpaces\workSpaces_pycharm\autoTest4\Base\utils\captcha.png
2025-05-10 17:11:44,326 - root - INFO - 验证码识别结果: BYGB
2025-05-10 17:11:44,398 - root - INFO - 已输入验证码: BYGB，第 1 次尝试
2025-05-10 17:11:47,480 - root - INFO - 登录成功
2025-05-10 17:11:47,482 - root - INFO - 关闭浏览器
2025-05-10 17:11:49,567 - root - INFO - Test case test_add_sales_plan ended at 2025-05-10 17:11:49.567103
