2025-05-13 17:19:27,670 - root - INFO - 使用的 ChromeDriver 路径: D:\gmj\workSpaces\workSpaces_pycharm\autoTest4\Base\utils\chromedriver.exe
2025-05-13 17:19:27,963 - root - INFO - Test case test_add_sales_plan started at 2025-05-13 17:19:27.963108
2025-05-13 17:19:29,007 - root - INFO - 开始登录操作
2025-05-13 17:19:36,032 - root - INFO - 已打开登录页面
2025-05-13 17:19:36,133 - root - INFO - 已输入用户名：guomj
2025-05-13 17:19:36,237 - root - INFO - 已输入密码：gmj123..
2025-05-13 17:19:36,350 - root - INFO - 验证码图片已保存到 D:\gmj\workSpaces\workSpaces_pycharm\autoTest4\Base\utils\captcha.png
2025-05-13 17:19:37,602 - root - INFO - 验证码识别结果: cI mB
2025-05-13 17:19:37,689 - root - INFO - 已输入验证码: cI mB，第 1 次尝试
2025-05-13 17:19:42,757 - root - WARNING - 第 1 次登录失败，重新尝试
2025-05-13 17:19:42,758 - root - INFO - 开始登录操作
2025-05-13 17:19:43,386 - root - INFO - 已打开登录页面
2025-05-13 17:19:43,512 - root - INFO - 已输入用户名：guomj
2025-05-13 17:19:43,628 - root - INFO - 已输入密码：gmj123..
2025-05-13 17:19:43,758 - root - INFO - 验证码图片已保存到 D:\gmj\workSpaces\workSpaces_pycharm\autoTest4\Base\utils\captcha.png
2025-05-13 17:19:44,885 - root - INFO - 验证码识别结果: Sfmj
2025-05-13 17:19:44,978 - root - INFO - 已输入验证码: Sfmj，第 2 次尝试
2025-05-13 17:19:49,045 - root - INFO - 登录成功
2025-05-13 17:19:49,981 - root - INFO - 准备添加销售计划，ASIN=B0BTHRCY23, 月份数据=[{'month': '五月', 'value': '1000'}, {'month': '六月', 'value': '1000'}, {'month': '七月', 'value': '1000'}, {'month': '八月', 'value': '1000'}]
2025-05-13 17:20:24,909 - root - INFO - 关闭浏览器
2025-05-13 17:20:27,048 - root - INFO - Test case test_add_sales_plan ended at 2025-05-13 17:20:27.048270
