2025-05-08 17:46:32,431 - root - INFO - 使用的 ChromeDriver 路径: D:\gmj\workSpaces\workSpaces_pycharm\autoTest4\Base\utils\chromedriver.exe
2025-05-08 17:46:32,489 - root - INFO - Test case test_menu_navigation started at 2025-05-08 17:46:32.489727
2025-05-08 17:46:33,495 - root - INFO - 开始登录操作
2025-05-08 17:46:42,276 - root - INFO - 已打开登录页面
2025-05-08 17:46:42,391 - root - INFO - 已输入用户名：guomj
2025-05-08 17:46:42,476 - root - INFO - 已输入密码：gmj123..
2025-05-08 17:46:42,570 - root - INFO - 验证码图片已保存到 D:\gmj\workSpaces\workSpaces_pycharm\autoTest4\Base\utils\captcha.png
2025-05-08 17:46:43,731 - root - ERROR - 调用 OCR 脚本时出现错误: ERROR:root:无法导入 API_KEY 和 SECRET_KEY，请检查配置文件。

2025-05-08 17:46:43,732 - root - INFO - 开始登录操作
2025-05-08 17:46:44,394 - root - INFO - 已打开登录页面
2025-05-08 17:46:44,544 - root - INFO - 已输入用户名：guomj
2025-05-08 17:46:44,662 - root - INFO - 已输入密码：gmj123..
2025-05-08 17:46:44,752 - root - INFO - 验证码图片已保存到 D:\gmj\workSpaces\workSpaces_pycharm\autoTest4\Base\utils\captcha.png
2025-05-08 17:46:45,271 - root - ERROR - 调用 OCR 脚本时出现错误: ERROR:root:无法导入 API_KEY 和 SECRET_KEY，请检查配置文件。

2025-05-08 17:46:45,271 - root - INFO - 开始登录操作
2025-05-08 17:46:45,651 - root - INFO - 已打开登录页面
2025-05-08 17:46:45,736 - root - INFO - 已输入用户名：guomj
2025-05-08 17:46:45,817 - root - INFO - 已输入密码：gmj123..
2025-05-08 17:46:45,899 - root - INFO - 验证码图片已保存到 D:\gmj\workSpaces\workSpaces_pycharm\autoTest4\Base\utils\captcha.png
2025-05-08 17:46:46,356 - root - ERROR - 调用 OCR 脚本时出现错误: ERROR:root:无法导入 API_KEY 和 SECRET_KEY，请检查配置文件。

2025-05-08 17:46:46,356 - root - INFO - 开始登录操作
2025-05-08 17:46:46,649 - root - INFO - 已打开登录页面
2025-05-08 17:46:47,666 - root - ERROR - 登录过程中出现错误: Message: no such window: target window already closed
from unknown error: web view not found
  (Session info: chrome=131.0.6778.70)
Stacktrace:
	GetHandleVerifier [0x00007FF7099E2775+28773]
	(No symbol) [0x00007FF70994AFB0]
	(No symbol) [0x00007FF7097E552A]
	(No symbol) [0x00007FF7097BF2B5]
	(No symbol) [0x00007FF709865FD7]
	(No symbol) [0x00007FF70987EA92]
	(No symbol) [0x00007FF70985ED43]
	(No symbol) [0x00007FF70982A548]
	(No symbol) [0x00007FF70982B6B1]
	GetHandleVerifier [0x00007FF709D0F45D+3358029]
	GetHandleVerifier [0x00007FF709D2430D+3443709]
	GetHandleVerifier [0x00007FF709D183FD+3394797]
	GetHandleVerifier [0x00007FF709AA929B+842635]
	(No symbol) [0x00007FF70995654F]
	(No symbol) [0x00007FF709951FA4]
	(No symbol) [0x00007FF70995213D]
	(No symbol) [0x00007FF709941629]
	BaseThreadInitThunk [0x00007FFCA9B17614+20]
	RtlUserThreadStart [0x00007FFCAB3826A1+33]

2025-05-08 17:46:47,666 - root - INFO - 开始登录操作
2025-05-08 17:46:47,673 - root - ERROR - 登录过程中出现错误: Message: no such window: target window already closed
from unknown error: web view not found
  (Session info: chrome=131.0.6778.70)
Stacktrace:
	GetHandleVerifier [0x00007FF7099E2775+28773]
	(No symbol) [0x00007FF70994AFB0]
	(No symbol) [0x00007FF7097E552A]
	(No symbol) [0x00007FF7097BF2B5]
	(No symbol) [0x00007FF709865FD7]
	(No symbol) [0x00007FF70987EA92]
	(No symbol) [0x00007FF70985ED43]
	(No symbol) [0x00007FF70982A548]
	(No symbol) [0x00007FF70982B6B1]
	GetHandleVerifier [0x00007FF709D0F45D+3358029]
	GetHandleVerifier [0x00007FF709D2430D+3443709]
	GetHandleVerifier [0x00007FF709D183FD+3394797]
	GetHandleVerifier [0x00007FF709AA929B+842635]
	(No symbol) [0x00007FF70995654F]
	(No symbol) [0x00007FF709951FA4]
	(No symbol) [0x00007FF70995213D]
	(No symbol) [0x00007FF709941629]
	BaseThreadInitThunk [0x00007FFCA9B17614+20]
	RtlUserThreadStart [0x00007FFCAB3826A1+33]

2025-05-08 17:46:47,674 - root - ERROR - 验证码识别失败次数达到上限，登录失败
2025-05-08 17:46:47,858 - root - INFO - Test case test_menu_navigation ended at 2025-05-08 17:46:47.858524
2025-05-08 17:46:47,867 - root - INFO - Test case test_add_sales_plan started at 2025-05-08 17:46:47.867307
2025-05-08 17:46:48,931 - root - INFO - 开始登录操作
2025-05-08 17:46:50,622 - root - INFO - 已打开登录页面
2025-05-08 17:46:50,623 - root - ERROR - 登录过程中出现错误: Message: no such window: target window already closed
from unknown error: web view not found
  (Session info: chrome=131.0.6778.70)
Stacktrace:
	GetHandleVerifier [0x00007FF7099E2775+28773]
	(No symbol) [0x00007FF70994AFB0]
	(No symbol) [0x00007FF7097E552A]
	(No symbol) [0x00007FF7097BF2B5]
	(No symbol) [0x00007FF709865FD7]
	(No symbol) [0x00007FF70987EA92]
	(No symbol) [0x00007FF70985ED43]
	(No symbol) [0x00007FF70982A548]
	(No symbol) [0x00007FF70982B6B1]
	GetHandleVerifier [0x00007FF709D0F45D+3358029]
	GetHandleVerifier [0x00007FF709D2430D+3443709]
	GetHandleVerifier [0x00007FF709D183FD+3394797]
	GetHandleVerifier [0x00007FF709AA929B+842635]
	(No symbol) [0x00007FF70995654F]
	(No symbol) [0x00007FF709951FA4]
	(No symbol) [0x00007FF70995213D]
	(No symbol) [0x00007FF709941629]
	BaseThreadInitThunk [0x00007FFCA9B17614+20]
	RtlUserThreadStart [0x00007FFCAB3826A1+33]

2025-05-08 17:46:50,623 - root - INFO - 开始登录操作
2025-05-08 17:46:50,624 - root - ERROR - 登录过程中出现错误: Message: no such window: target window already closed
from unknown error: web view not found
  (Session info: chrome=131.0.6778.70)
Stacktrace:
	GetHandleVerifier [0x00007FF7099E2775+28773]
	(No symbol) [0x00007FF70994AFB0]
	(No symbol) [0x00007FF7097E552A]
	(No symbol) [0x00007FF7097BF2B5]
	(No symbol) [0x00007FF709865FD7]
	(No symbol) [0x00007FF70987EA92]
	(No symbol) [0x00007FF70985ED43]
	(No symbol) [0x00007FF70982A548]
	(No symbol) [0x00007FF70982B6B1]
	GetHandleVerifier [0x00007FF709D0F45D+3358029]
	GetHandleVerifier [0x00007FF709D2430D+3443709]
	GetHandleVerifier [0x00007FF709D183FD+3394797]
	GetHandleVerifier [0x00007FF709AA929B+842635]
	(No symbol) [0x00007FF70995654F]
	(No symbol) [0x00007FF709951FA4]
	(No symbol) [0x00007FF70995213D]
	(No symbol) [0x00007FF709941629]
	BaseThreadInitThunk [0x00007FFCA9B17614+20]
	RtlUserThreadStart [0x00007FFCAB3826A1+33]

2025-05-08 17:46:50,624 - root - INFO - 开始登录操作
2025-05-08 17:46:50,625 - root - ERROR - 登录过程中出现错误: Message: no such window: target window already closed
from unknown error: web view not found
  (Session info: chrome=131.0.6778.70)
Stacktrace:
	GetHandleVerifier [0x00007FF7099E2775+28773]
	(No symbol) [0x00007FF70994AFB0]
	(No symbol) [0x00007FF7097E552A]
	(No symbol) [0x00007FF7097BF2B5]
	(No symbol) [0x00007FF709865FD7]
	(No symbol) [0x00007FF70987EA92]
	(No symbol) [0x00007FF70985ED43]
	(No symbol) [0x00007FF70982A548]
	(No symbol) [0x00007FF70982B6B1]
	GetHandleVerifier [0x00007FF709D0F45D+3358029]
	GetHandleVerifier [0x00007FF709D2430D+3443709]
	GetHandleVerifier [0x00007FF709D183FD+3394797]
	GetHandleVerifier [0x00007FF709AA929B+842635]
	(No symbol) [0x00007FF70995654F]
	(No symbol) [0x00007FF709951FA4]
	(No symbol) [0x00007FF70995213D]
	(No symbol) [0x00007FF709941629]
	BaseThreadInitThunk [0x00007FFCA9B17614+20]
	RtlUserThreadStart [0x00007FFCAB3826A1+33]

2025-05-08 17:46:50,625 - root - INFO - 开始登录操作
2025-05-08 17:46:50,626 - root - ERROR - 登录过程中出现错误: Message: no such window: target window already closed
from unknown error: web view not found
  (Session info: chrome=131.0.6778.70)
Stacktrace:
	GetHandleVerifier [0x00007FF7099E2775+28773]
	(No symbol) [0x00007FF70994AFB0]
	(No symbol) [0x00007FF7097E552A]
	(No symbol) [0x00007FF7097BF2B5]
	(No symbol) [0x00007FF709865FD7]
	(No symbol) [0x00007FF70987EA92]
	(No symbol) [0x00007FF70985ED43]
	(No symbol) [0x00007FF70982A548]
	(No symbol) [0x00007FF70982B6B1]
	GetHandleVerifier [0x00007FF709D0F45D+3358029]
	GetHandleVerifier [0x00007FF709D2430D+3443709]
	GetHandleVerifier [0x00007FF709D183FD+3394797]
	GetHandleVerifier [0x00007FF709AA929B+842635]
	(No symbol) [0x00007FF70995654F]
	(No symbol) [0x00007FF709951FA4]
	(No symbol) [0x00007FF70995213D]
	(No symbol) [0x00007FF709941629]
	BaseThreadInitThunk [0x00007FFCA9B17614+20]
	RtlUserThreadStart [0x00007FFCAB3826A1+33]

2025-05-08 17:46:50,627 - root - INFO - 开始登录操作
2025-05-08 17:46:50,628 - root - ERROR - 登录过程中出现错误: Message: no such window: target window already closed
from unknown error: web view not found
  (Session info: chrome=131.0.6778.70)
Stacktrace:
	GetHandleVerifier [0x00007FF7099E2775+28773]
	(No symbol) [0x00007FF70994AFB0]
	(No symbol) [0x00007FF7097E552A]
	(No symbol) [0x00007FF7097BF2B5]
	(No symbol) [0x00007FF709865FD7]
	(No symbol) [0x00007FF70987EA92]
	(No symbol) [0x00007FF70985ED43]
	(No symbol) [0x00007FF70982A548]
	(No symbol) [0x00007FF70982B6B1]
	GetHandleVerifier [0x00007FF709D0F45D+3358029]
	GetHandleVerifier [0x00007FF709D2430D+3443709]
	GetHandleVerifier [0x00007FF709D183FD+3394797]
	GetHandleVerifier [0x00007FF709AA929B+842635]
	(No symbol) [0x00007FF70995654F]
	(No symbol) [0x00007FF709951FA4]
	(No symbol) [0x00007FF70995213D]
	(No symbol) [0x00007FF709941629]
	BaseThreadInitThunk [0x00007FFCA9B17614+20]
	RtlUserThreadStart [0x00007FFCAB3826A1+33]

2025-05-08 17:46:50,628 - root - ERROR - 验证码识别失败次数达到上限，登录失败
2025-05-08 17:46:50,636 - root - INFO - Test case test_add_sales_plan ended at 2025-05-08 17:46:50.636148
