2025-05-08 17:48:14,086 - root - INFO - 使用的 ChromeDriver 路径: D:\gmj\workSpaces\workSpaces_pycharm\autoTest4\Base\utils\chromedriver.exe
2025-05-08 17:48:14,146 - root - INFO - Test case test_menu_navigation started at 2025-05-08 17:48:14.146798
2025-05-08 17:48:15,226 - root - INFO - 开始登录操作
2025-05-08 17:48:23,502 - root - INFO - 已打开登录页面
2025-05-08 17:48:23,595 - root - INFO - 已输入用户名：guomj
2025-05-08 17:48:23,675 - root - INFO - 已输入密码：gmj123..
2025-05-08 17:48:23,747 - root - INFO - 验证码图片已保存到 D:\gmj\workSpaces\workSpaces_pycharm\autoTest4\Base\utils\captcha.png
2025-05-08 17:48:24,834 - root - INFO - 验证码识别结果: thyJ
2025-05-08 17:48:24,906 - root - INFO - 已输入验证码: thyJ，第 1 次尝试
2025-05-08 17:48:29,989 - root - INFO - 登录成功
2025-05-08 17:48:29,990 - root - ERROR - 登录过程中出现错误: 'LoginPage' object has no attribute 'get_access_token_ptuser'
2025-05-08 17:48:29,990 - root - INFO - 开始登录操作
2025-05-08 17:48:30,896 - root - INFO - 已打开登录页面
2025-05-08 17:48:41,132 - root - ERROR - 登录过程中出现错误: Message: 
Stacktrace:
	GetHandleVerifier [0x00007FF7099E2775+28773]
	(No symbol) [0x00007FF70994AFB0]
	(No symbol) [0x00007FF7097E552A]
	(No symbol) [0x00007FF709838EAE]
	(No symbol) [0x00007FF70983919C]
	(No symbol) [0x00007FF7098823F7]
	(No symbol) [0x00007FF70985EFDF]
	(No symbol) [0x00007FF70987F1A4]
	(No symbol) [0x00007FF70985ED43]
	(No symbol) [0x00007FF70982A548]
	(No symbol) [0x00007FF70982B6B1]
	GetHandleVerifier [0x00007FF709D0F45D+3358029]
	GetHandleVerifier [0x00007FF709D2430D+3443709]
	GetHandleVerifier [0x00007FF709D183FD+3394797]
	GetHandleVerifier [0x00007FF709AA929B+842635]
	(No symbol) [0x00007FF70995654F]
	(No symbol) [0x00007FF709951FA4]
	(No symbol) [0x00007FF70995213D]
	(No symbol) [0x00007FF709941629]
	BaseThreadInitThunk [0x00007FFCA9B17614+20]
	RtlUserThreadStart [0x00007FFCAB3826A1+33]

2025-05-08 17:48:41,132 - root - INFO - 开始登录操作
2025-05-08 17:48:41,384 - root - INFO - 已打开登录页面
2025-05-08 17:48:51,697 - root - ERROR - 登录过程中出现错误: Message: 
Stacktrace:
	GetHandleVerifier [0x00007FF7099E2775+28773]
	(No symbol) [0x00007FF70994AFB0]
	(No symbol) [0x00007FF7097E552A]
	(No symbol) [0x00007FF709838EAE]
	(No symbol) [0x00007FF70983919C]
	(No symbol) [0x00007FF7098823F7]
	(No symbol) [0x00007FF70985EFDF]
	(No symbol) [0x00007FF70987F1A4]
	(No symbol) [0x00007FF70985ED43]
	(No symbol) [0x00007FF70982A548]
	(No symbol) [0x00007FF70982B6B1]
	GetHandleVerifier [0x00007FF709D0F45D+3358029]
	GetHandleVerifier [0x00007FF709D2430D+3443709]
	GetHandleVerifier [0x00007FF709D183FD+3394797]
	GetHandleVerifier [0x00007FF709AA929B+842635]
	(No symbol) [0x00007FF70995654F]
	(No symbol) [0x00007FF709951FA4]
	(No symbol) [0x00007FF70995213D]
	(No symbol) [0x00007FF709941629]
	BaseThreadInitThunk [0x00007FFCA9B17614+20]
	RtlUserThreadStart [0x00007FFCAB3826A1+33]

2025-05-08 17:48:51,697 - root - INFO - 开始登录操作
2025-05-08 17:48:51,899 - root - INFO - 已打开登录页面
2025-05-08 17:49:02,110 - root - ERROR - 登录过程中出现错误: Message: 
Stacktrace:
	GetHandleVerifier [0x00007FF7099E2775+28773]
	(No symbol) [0x00007FF70994AFB0]
	(No symbol) [0x00007FF7097E552A]
	(No symbol) [0x00007FF709838EAE]
	(No symbol) [0x00007FF70983919C]
	(No symbol) [0x00007FF7098823F7]
	(No symbol) [0x00007FF70985EFDF]
	(No symbol) [0x00007FF70987F1A4]
	(No symbol) [0x00007FF70985ED43]
	(No symbol) [0x00007FF70982A548]
	(No symbol) [0x00007FF70982B6B1]
	GetHandleVerifier [0x00007FF709D0F45D+3358029]
	GetHandleVerifier [0x00007FF709D2430D+3443709]
	GetHandleVerifier [0x00007FF709D183FD+3394797]
	GetHandleVerifier [0x00007FF709AA929B+842635]
	(No symbol) [0x00007FF70995654F]
	(No symbol) [0x00007FF709951FA4]
	(No symbol) [0x00007FF70995213D]
	(No symbol) [0x00007FF709941629]
	BaseThreadInitThunk [0x00007FFCA9B17614+20]
	RtlUserThreadStart [0x00007FFCAB3826A1+33]

2025-05-08 17:49:02,110 - root - INFO - 开始登录操作
2025-05-08 17:49:02,121 - root - INFO - 已打开登录页面
2025-05-08 17:49:12,530 - root - ERROR - 登录过程中出现错误: Message: 
Stacktrace:
	GetHandleVerifier [0x00007FF7099E2775+28773]
	(No symbol) [0x00007FF70994AFB0]
	(No symbol) [0x00007FF7097E552A]
	(No symbol) [0x00007FF709838EAE]
	(No symbol) [0x00007FF70983919C]
	(No symbol) [0x00007FF7098823F7]
	(No symbol) [0x00007FF70985EFDF]
	(No symbol) [0x00007FF70987F1A4]
	(No symbol) [0x00007FF70985ED43]
	(No symbol) [0x00007FF70982A548]
	(No symbol) [0x00007FF70982B6B1]
	GetHandleVerifier [0x00007FF709D0F45D+3358029]
	GetHandleVerifier [0x00007FF709D2430D+3443709]
	GetHandleVerifier [0x00007FF709D183FD+3394797]
	GetHandleVerifier [0x00007FF709AA929B+842635]
	(No symbol) [0x00007FF70995654F]
	(No symbol) [0x00007FF709951FA4]
	(No symbol) [0x00007FF70995213D]
	(No symbol) [0x00007FF709941629]
	BaseThreadInitThunk [0x00007FFCA9B17614+20]
	RtlUserThreadStart [0x00007FFCAB3826A1+33]

2025-05-08 17:49:12,530 - root - ERROR - 验证码识别失败次数达到上限，登录失败
2025-05-08 17:49:12,605 - root - INFO - Test case test_menu_navigation ended at 2025-05-08 17:49:12.605318
2025-05-08 17:49:12,606 - root - INFO - Test case test_add_sales_plan started at 2025-05-08 17:49:12.606294
2025-05-08 17:49:13,632 - root - INFO - 开始登录操作
2025-05-08 17:49:20,671 - root - INFO - 已打开登录页面
2025-05-08 17:49:20,766 - root - INFO - 已输入用户名：guomj
2025-05-08 17:49:20,846 - root - INFO - 已输入密码：gmj123..
2025-05-08 17:49:20,962 - root - INFO - 验证码图片已保存到 D:\gmj\workSpaces\workSpaces_pycharm\autoTest4\Base\utils\captcha.png
2025-05-08 17:49:22,111 - root - INFO - 验证码识别结果: m6 9 G
2025-05-08 17:49:22,190 - root - INFO - 已输入验证码: m6 9 G，第 1 次尝试
2025-05-08 17:49:27,334 - root - WARNING - 第 1 次登录失败，重新尝试
2025-05-08 17:49:27,334 - root - INFO - 开始登录操作
2025-05-08 17:49:27,962 - root - INFO - 已打开登录页面
2025-05-08 17:49:28,117 - root - INFO - 已输入用户名：guomj
2025-05-08 17:49:28,225 - root - INFO - 已输入密码：gmj123..
2025-05-08 17:49:28,322 - root - INFO - 验证码图片已保存到 D:\gmj\workSpaces\workSpaces_pycharm\autoTest4\Base\utils\captcha.png
2025-05-08 17:49:29,197 - root - INFO - 验证码识别结果: RaFM
2025-05-08 17:49:29,261 - root - INFO - 已输入验证码: RaFM，第 2 次尝试
2025-05-08 17:49:30,898 - root - INFO - 登录成功
2025-05-08 17:49:30,898 - root - ERROR - 登录过程中出现错误: 'LoginPage' object has no attribute 'get_access_token_ptuser'
2025-05-08 17:49:30,898 - root - INFO - 开始登录操作
2025-05-08 17:49:31,313 - root - INFO - 已打开登录页面
2025-05-08 17:49:41,720 - root - ERROR - 登录过程中出现错误: Message: 
Stacktrace:
	GetHandleVerifier [0x00007FF7099E2775+28773]
	(No symbol) [0x00007FF70994AFB0]
	(No symbol) [0x00007FF7097E552A]
	(No symbol) [0x00007FF709838EAE]
	(No symbol) [0x00007FF70983919C]
	(No symbol) [0x00007FF7098823F7]
	(No symbol) [0x00007FF70985EFDF]
	(No symbol) [0x00007FF70987F1A4]
	(No symbol) [0x00007FF70985ED43]
	(No symbol) [0x00007FF70982A548]
	(No symbol) [0x00007FF70982B6B1]
	GetHandleVerifier [0x00007FF709D0F45D+3358029]
	GetHandleVerifier [0x00007FF709D2430D+3443709]
	GetHandleVerifier [0x00007FF709D183FD+3394797]
	GetHandleVerifier [0x00007FF709AA929B+842635]
	(No symbol) [0x00007FF70995654F]
	(No symbol) [0x00007FF709951FA4]
	(No symbol) [0x00007FF70995213D]
	(No symbol) [0x00007FF709941629]
	BaseThreadInitThunk [0x00007FFCA9B17614+20]
	RtlUserThreadStart [0x00007FFCAB3826A1+33]

2025-05-08 17:49:41,720 - root - INFO - 开始登录操作
2025-05-08 17:49:41,905 - root - INFO - 已打开登录页面
2025-05-08 17:49:52,101 - root - ERROR - 登录过程中出现错误: Message: 
Stacktrace:
	GetHandleVerifier [0x00007FF7099E2775+28773]
	(No symbol) [0x00007FF70994AFB0]
	(No symbol) [0x00007FF7097E552A]
	(No symbol) [0x00007FF709838EAE]
	(No symbol) [0x00007FF70983919C]
	(No symbol) [0x00007FF7098823F7]
	(No symbol) [0x00007FF70985EFDF]
	(No symbol) [0x00007FF70987F1A4]
	(No symbol) [0x00007FF70985ED43]
	(No symbol) [0x00007FF70982A548]
	(No symbol) [0x00007FF70982B6B1]
	GetHandleVerifier [0x00007FF709D0F45D+3358029]
	GetHandleVerifier [0x00007FF709D2430D+3443709]
	GetHandleVerifier [0x00007FF709D183FD+3394797]
	GetHandleVerifier [0x00007FF709AA929B+842635]
	(No symbol) [0x00007FF70995654F]
	(No symbol) [0x00007FF709951FA4]
	(No symbol) [0x00007FF70995213D]
	(No symbol) [0x00007FF709941629]
	BaseThreadInitThunk [0x00007FFCA9B17614+20]
	RtlUserThreadStart [0x00007FFCAB3826A1+33]

2025-05-08 17:49:52,101 - root - INFO - 开始登录操作
2025-05-08 17:49:52,322 - root - INFO - 已打开登录页面
2025-05-08 17:50:02,666 - root - ERROR - 登录过程中出现错误: Message: 
Stacktrace:
	GetHandleVerifier [0x00007FF7099E2775+28773]
	(No symbol) [0x00007FF70994AFB0]
	(No symbol) [0x00007FF7097E552A]
	(No symbol) [0x00007FF709838EAE]
	(No symbol) [0x00007FF70983919C]
	(No symbol) [0x00007FF7098823F7]
	(No symbol) [0x00007FF70985EFDF]
	(No symbol) [0x00007FF70987F1A4]
	(No symbol) [0x00007FF70985ED43]
	(No symbol) [0x00007FF70982A548]
	(No symbol) [0x00007FF70982B6B1]
	GetHandleVerifier [0x00007FF709D0F45D+3358029]
	GetHandleVerifier [0x00007FF709D2430D+3443709]
	GetHandleVerifier [0x00007FF709D183FD+3394797]
	GetHandleVerifier [0x00007FF709AA929B+842635]
	(No symbol) [0x00007FF70995654F]
	(No symbol) [0x00007FF709951FA4]
	(No symbol) [0x00007FF70995213D]
	(No symbol) [0x00007FF709941629]
	BaseThreadInitThunk [0x00007FFCA9B17614+20]
	RtlUserThreadStart [0x00007FFCAB3826A1+33]

2025-05-08 17:50:02,666 - root - ERROR - 验证码识别失败次数达到上限，登录失败
2025-05-08 17:50:02,673 - root - INFO - Test case test_add_sales_plan ended at 2025-05-08 17:50:02.673500
