2025-03-24 15:53:29,545 - root - INFO - 使用的 ChromeDriver 路径: D:\gmj\workSpaces\workSpaces_pycharm\autoTest1\utils\chromedriver.exe
2025-03-24 15:53:30,564 - root - INFO - Test case test_menu_navigation started at 2025-03-24 15:53:30.564671
2025-03-24 15:53:31,598 - root - INFO - 开始登录操作
2025-03-24 15:53:34,665 - root - INFO - 已打开登录页面
2025-03-24 15:53:34,811 - root - INFO - 已输入用户名：ptuser
2025-03-24 15:53:34,914 - root - INFO - 已输入密码：qwe123
2025-03-24 15:53:35,033 - root - INFO - 验证码图片已保存到 D:\gmj\workSpaces\workSpaces_pycharm\autoTest1\config\captcha.png
2025-03-24 15:53:35,919 - root - INFO - 验证码识别结果: MCdj
2025-03-24 15:53:35,996 - root - INFO - 已输入验证码: MCdj，第 1 次尝试
2025-03-24 15:53:37,358 - root - INFO - 登录成功
2025-03-24 15:53:37,386 - root - INFO - Token: eyJ0eXAiOiJKV1QiLCJhbGciOiJIUzI1NiJ9.eyJpZCI6IjE4NzE0NDExMjc1Mzg4MTQ5NzgiLCJleHAiOjE3NDI4MzE2MTUsInVzZXJuYW1lIjoicHR1c2VyIiwicmVhbG5hbWUiOiLns7vnu5_nrqHnkIblkZgifQ.IHjTa6tkwV_msjRr0sRouDp0ZjLXhtfOjiR9JMN4MlM
2025-03-24 15:53:37,425 - root - INFO - Token: eyJ0eXAiOiJKV1QiLCJhbGciOiJIUzI1NiJ9.eyJpZCI6IjE4NzE0NDExMjc1Mzg4MTQ5NzgiLCJleHAiOjE3NDI4MzE2MTUsInVzZXJuYW1lIjoicHR1c2VyIiwicmVhbG5hbWUiOiLns7vnu5_nrqHnkIblkZgifQ.IHjTa6tkwV_msjRr0sRouDp0ZjLXhtfOjiR9JMN4MlM
2025-03-24 15:53:37,470 - root - INFO - 开始解析36个根菜单项
2025-03-24 15:53:37,470 - root - INFO - 共提取到257个菜单项
2025-03-24 15:53:37,471 - root - INFO - 菜单数据已保存至: d:\gmj\workSpaces\workSpaces_pycharm\autoTest1\menu.json
2025-03-24 15:53:38,066 - root - INFO - 已关闭通知框
2025-03-24 15:53:38,331 - root - INFO - 已点击退出登录按钮
2025-03-24 15:53:38,968 - root - INFO - 已点击确定按钮，完成退出登录
2025-03-24 15:53:44,035 - root - INFO - 已关闭浏览器
2025-03-24 15:53:45,039 - root - INFO - 开始登录操作
2025-03-24 15:53:47,783 - root - INFO - 已打开登录页面
2025-03-24 15:53:47,905 - root - INFO - 已输入用户名：guomj
2025-03-24 15:53:48,077 - root - INFO - 已输入密码：gmj123..
2025-03-24 15:53:48,180 - root - INFO - 验证码图片已保存到 D:\gmj\workSpaces\workSpaces_pycharm\autoTest1\config\captcha.png
2025-03-24 15:53:49,119 - root - INFO - 验证码识别结果: EEAC
2025-03-24 15:53:49,188 - root - INFO - 已输入验证码: EEAC，第 1 次尝试
2025-03-24 15:53:50,369 - root - INFO - 登录成功
2025-03-24 15:53:50,411 - root - INFO - Token: eyJ0eXAiOiJKV1QiLCJhbGciOiJIUzI1NiJ9.eyJpZCI6IjE4NTMyMzM5MjA5MDUwODA4MzMiLCJleHAiOjE3NDI4MzE2MjksInVzZXJuYW1lIjoiZ3VvbWoiLCJyZWFsbmFtZSI6IumDreaipuWohyjmraPlvI8pIn0.MPAfPWpAb2yD-GF32RF9npC7dDDnovvnX0S3M0k1M2g
2025-03-24 15:53:50,621 - root - INFO - 关闭浏览器
2025-03-24 15:53:52,935 - root - INFO - Test case test_menu_navigation ended at 2025-03-24 15:53:52.935645
