2025-03-24 17:14:48,843 - root - INFO - 使用的 ChromeDriver 路径: D:\gmj\workSpaces\workSpaces_pycharm\autoTest1\utils\chromedriver.exe
2025-03-24 17:14:49,932 - root - INFO - Test case test_menu_navigation started at 2025-03-24 17:14:49.932970
2025-03-24 17:14:50,960 - root - INFO - 开始登录操作
2025-03-24 17:14:54,103 - root - INFO - 已打开登录页面
2025-03-24 17:14:54,267 - root - INFO - 已输入用户名：ptuser
2025-03-24 17:14:54,365 - root - INFO - 已输入密码：qwe123
2025-03-24 17:14:54,445 - root - INFO - 验证码图片已保存到 D:\gmj\workSpaces\workSpaces_pycharm\autoTest1\config\captcha.png
2025-03-24 17:14:55,316 - root - INFO - 验证码识别结果: mBQj
2025-03-24 17:14:55,394 - root - INFO - 已输入验证码: mBQj，第 1 次尝试
2025-03-24 17:14:56,856 - root - INFO - 登录成功
2025-03-24 17:14:57,438 - root - INFO - Token: eyJ0eXAiOiJKV1QiLCJhbGciOiJIUzI1NiJ9.eyJpZCI6IjE4NzE0NDExMjc1Mzg4MTQ5NzgiLCJleHAiOjE3NDI4MzY0OTUsInVzZXJuYW1lIjoicHR1c2VyIiwicmVhbG5hbWUiOiLns7vnu5_nrqHnkIblkZgifQ.-DkoIBq2-tS0N9USQM43OGPSW8gjvkYG2v6le_geEOY
2025-03-24 17:14:57,471 - root - INFO - Token: eyJ0eXAiOiJKV1QiLCJhbGciOiJIUzI1NiJ9.eyJpZCI6IjE4NzE0NDExMjc1Mzg4MTQ5NzgiLCJleHAiOjE3NDI4MzY0OTUsInVzZXJuYW1lIjoicHR1c2VyIiwicmVhbG5hbWUiOiLns7vnu5_nrqHnkIblkZgifQ.-DkoIBq2-tS0N9USQM43OGPSW8gjvkYG2v6le_geEOY
2025-03-24 17:14:57,542 - root - INFO - 开始解析36个根菜单项
2025-03-24 17:14:57,542 - root - INFO - 共提取到257个菜单项
2025-03-24 17:14:57,543 - root - INFO - 菜单数据已保存至: d:\gmj\workSpaces\workSpaces_pycharm\autoTest1\menu.json
2025-03-24 17:14:57,607 - root - INFO - 已关闭通知框
2025-03-24 17:14:57,872 - root - INFO - 已点击退出登录按钮
2025-03-24 17:14:58,449 - root - INFO - 已点击确定按钮，完成退出登录
2025-03-24 17:15:03,404 - root - INFO - 已关闭浏览器
2025-03-24 17:15:04,425 - root - INFO - 开始登录操作
2025-03-24 17:15:07,182 - root - INFO - 已打开登录页面
2025-03-24 17:15:07,291 - root - INFO - 已输入用户名：guomj
2025-03-24 17:15:07,364 - root - INFO - 已输入密码：gmj123..
2025-03-24 17:15:07,458 - root - INFO - 验证码图片已保存到 D:\gmj\workSpaces\workSpaces_pycharm\autoTest1\config\captcha.png
2025-03-24 17:15:08,376 - root - INFO - 验证码识别结果: Gb3r
2025-03-24 17:15:08,460 - root - INFO - 已输入验证码: Gb3r，第 1 次尝试
2025-03-24 17:15:09,759 - root - INFO - 登录成功
2025-03-24 17:15:09,798 - root - INFO - Token: eyJ0eXAiOiJKV1QiLCJhbGciOiJIUzI1NiJ9.eyJpZCI6IjE4NTMyMzM5MjA5MDUwODA4MzMiLCJleHAiOjE3NDI4MzY1MDgsInVzZXJuYW1lIjoiZ3VvbWoiLCJyZWFsbmFtZSI6IumDreaipuWohyjmraPlvI8pIn0.hTgj1Lr-BYSf755BVFq_d-p1mF51VTFUWpXmyEw9bbU
2025-03-24 17:15:11,159 - root - INFO - 已导航到销售计划页面
2025-03-24 17:15:11,362 - root - INFO - 关闭浏览器
2025-03-24 17:15:13,658 - root - INFO - Test case test_menu_navigation ended at 2025-03-24 17:15:13.658143
