2025-05-12 18:04:11,524 - root - INFO - 使用的 ChromeDriver 路径: D:\gmj\workSpaces\workSpaces_pycharm\autoTest4\Base\utils\chromedriver.exe
2025-05-12 18:04:11,724 - root - INFO - Test case test_menu_navigation started at 2025-05-12 18:04:11.724376
2025-05-12 18:04:12,759 - root - INFO - 开始登录操作
2025-05-12 18:04:19,981 - root - INFO - 已打开登录页面
2025-05-12 18:04:20,082 - root - INFO - 已输入用户名：guomj
2025-05-12 18:04:20,180 - root - INFO - 已输入密码：gmj123..
2025-05-12 18:04:20,266 - root - INFO - 验证码图片已保存到 D:\gmj\workSpaces\workSpaces_pycharm\autoTest4\Base\utils\captcha.png
2025-05-12 18:04:21,332 - root - INFO - 验证码识别结果: mNGz
2025-05-12 18:04:21,434 - root - INFO - 已输入验证码: mNGz，第 1 次尝试
2025-05-12 18:04:25,981 - root - INFO - 登录成功
2025-05-12 18:04:27,171 - root - INFO - 已导航到销售计划页面
2025-05-12 18:04:27,205 - root - INFO - 实际页面URL: http://124.222.178.125:3006/amzShipment/salesPlan
2025-05-12 18:04:27,206 - root - INFO - 目标URL: http://124.222.178.125:3006/amzShipment/salesPlan
2025-05-12 18:04:27,208 - root - INFO - 关闭浏览器
2025-05-12 18:04:29,627 - root - INFO - Test case test_menu_navigation ended at 2025-05-12 18:04:29.627559
2025-05-12 18:04:29,631 - root - INFO - Test case test_add_sales_plan started at 2025-05-12 18:04:29.631463
2025-05-12 18:04:30,667 - root - INFO - 开始登录操作
2025-05-12 18:04:38,003 - root - INFO - 已打开登录页面
2025-05-12 18:04:38,092 - root - INFO - 已输入用户名：guomj
2025-05-12 18:04:38,168 - root - INFO - 已输入密码：gmj123..
2025-05-12 18:04:38,250 - root - INFO - 验证码图片已保存到 D:\gmj\workSpaces\workSpaces_pycharm\autoTest4\Base\utils\captcha.png
2025-05-12 18:04:39,007 - root - INFO - 验证码识别结果: 037G
2025-05-12 18:04:39,089 - root - INFO - 已输入验证码: 037G，第 1 次尝试
2025-05-12 18:04:44,139 - root - WARNING - 第 1 次登录失败，重新尝试
2025-05-12 18:04:44,140 - root - INFO - 开始登录操作
2025-05-12 18:04:44,813 - root - INFO - 已打开登录页面
2025-05-12 18:04:44,926 - root - INFO - 已输入用户名：guomj
2025-05-12 18:04:45,043 - root - INFO - 已输入密码：gmj123..
2025-05-12 18:04:45,142 - root - INFO - 验证码图片已保存到 D:\gmj\workSpaces\workSpaces_pycharm\autoTest4\Base\utils\captcha.png
2025-05-12 18:04:46,124 - root - INFO - 验证码识别结果: Ixe v
2025-05-12 18:04:46,191 - root - INFO - 已输入验证码: Ixe v，第 2 次尝试
2025-05-12 18:04:51,239 - root - WARNING - 第 2 次登录失败，重新尝试
2025-05-12 18:04:51,240 - root - INFO - 开始登录操作
2025-05-12 18:04:51,632 - root - INFO - 已打开登录页面
2025-05-12 18:04:51,709 - root - INFO - 已输入用户名：guomj
2025-05-12 18:04:51,787 - root - INFO - 已输入密码：gmj123..
2025-05-12 18:04:51,896 - root - INFO - 验证码图片已保存到 D:\gmj\workSpaces\workSpaces_pycharm\autoTest4\Base\utils\captcha.png
2025-05-12 18:04:52,702 - root - INFO - 验证码识别结果: a 4 Z b
2025-05-12 18:04:52,793 - root - INFO - 已输入验证码: a 4 Z b，第 3 次尝试
2025-05-12 18:04:57,871 - root - WARNING - 第 3 次登录失败，重新尝试
2025-05-12 18:04:57,872 - root - INFO - 开始登录操作
2025-05-12 18:04:58,376 - root - INFO - 已打开登录页面
2025-05-12 18:04:58,462 - root - INFO - 已输入用户名：guomj
2025-05-12 18:04:58,544 - root - INFO - 已输入密码：gmj123..
2025-05-12 18:04:58,637 - root - INFO - 验证码图片已保存到 D:\gmj\workSpaces\workSpaces_pycharm\autoTest4\Base\utils\captcha.png
2025-05-12 18:04:59,648 - root - INFO - 验证码识别结果: J145
2025-05-12 18:04:59,712 - root - INFO - 已输入验证码: J145，第 4 次尝试
2025-05-12 18:05:00,477 - root - INFO - 登录成功
2025-05-12 18:05:00,481 - root - INFO - 关闭浏览器
2025-05-12 18:05:02,646 - root - INFO - Test case test_add_sales_plan ended at 2025-05-12 18:05:02.646878
