2025-03-24 17:29:09,912 - root - INFO - 使用的 ChromeDriver 路径: D:\gmj\workSpaces\workSpaces_pycharm\autoTest1\utils\chromedriver.exe
2025-03-24 17:29:11,074 - root - INFO - Test case test_menu_navigation started at 2025-03-24 17:29:11.074046
2025-03-24 17:29:12,097 - root - INFO - 开始登录操作
2025-03-24 17:29:15,276 - root - INFO - 已打开登录页面
2025-03-24 17:29:15,469 - root - INFO - 已输入用户名：ptuser
2025-03-24 17:29:15,560 - root - INFO - 已输入密码：qwe123
2025-03-24 17:29:15,658 - root - INFO - 验证码图片已保存到 D:\gmj\workSpaces\workSpaces_pycharm\autoTest1\config\captcha.png
2025-03-24 17:29:16,479 - root - INFO - 验证码识别结果: a a GI
2025-03-24 17:29:16,579 - root - INFO - 已输入验证码: a a GI，第 1 次尝试
2025-03-24 17:29:21,680 - root - WARNING - 第 1 次登录失败，重新尝试
2025-03-24 17:29:21,681 - root - INFO - 开始登录操作
2025-03-24 17:29:23,575 - root - INFO - 已打开登录页面
2025-03-24 17:29:23,726 - root - INFO - 已输入用户名：ptuser
2025-03-24 17:29:23,816 - root - INFO - 已输入密码：qwe123
2025-03-24 17:29:23,898 - root - INFO - 验证码图片已保存到 D:\gmj\workSpaces\workSpaces_pycharm\autoTest1\config\captcha.png
2025-03-24 17:29:24,660 - root - INFO - 验证码识别结果: viGSV
2025-03-24 17:29:24,740 - root - INFO - 已输入验证码: viGSV，第 2 次尝试
2025-03-24 17:29:29,858 - root - WARNING - 第 2 次登录失败，重新尝试
2025-03-24 17:29:29,859 - root - INFO - 开始登录操作
2025-03-24 17:29:31,329 - root - INFO - 已打开登录页面
2025-03-24 17:29:31,440 - root - INFO - 已输入用户名：ptuser
2025-03-24 17:29:31,529 - root - INFO - 已输入密码：qwe123
2025-03-24 17:29:31,643 - root - INFO - 验证码图片已保存到 D:\gmj\workSpaces\workSpaces_pycharm\autoTest1\config\captcha.png
2025-03-24 17:29:32,635 - root - INFO - 验证码识别结果: Tdl7
2025-03-24 17:29:32,708 - root - INFO - 已输入验证码: Tdl7，第 3 次尝试
2025-03-24 17:29:33,979 - root - INFO - 登录成功
2025-03-24 17:29:34,032 - root - INFO - Token: eyJ0eXAiOiJKV1QiLCJhbGciOiJIUzI1NiJ9.eyJpZCI6IjE4NzE0NDExMjc1Mzg4MTQ5NzgiLCJleHAiOjE3NDI4MzczNzIsInVzZXJuYW1lIjoicHR1c2VyIiwicmVhbG5hbWUiOiLns7vnu5_nrqHnkIblkZgifQ.BTqIW03mZOWeWaVPjWyL2efA0w5fGFQYu1D8rv6peaQ
2025-03-24 17:29:34,481 - root - INFO - Token: eyJ0eXAiOiJKV1QiLCJhbGciOiJIUzI1NiJ9.eyJpZCI6IjE4NzE0NDExMjc1Mzg4MTQ5NzgiLCJleHAiOjE3NDI4MzczNzIsInVzZXJuYW1lIjoicHR1c2VyIiwicmVhbG5hbWUiOiLns7vnu5_nrqHnkIblkZgifQ.BTqIW03mZOWeWaVPjWyL2efA0w5fGFQYu1D8rv6peaQ
2025-03-24 17:29:34,540 - root - INFO - 开始解析36个根菜单项
2025-03-24 17:29:34,541 - root - INFO - 共提取到257个菜单项
2025-03-24 17:29:34,541 - root - INFO - 菜单数据已保存至: d:\gmj\workSpaces\workSpaces_pycharm\autoTest1\menu.json
2025-03-24 17:29:34,585 - root - INFO - 已关闭通知框
2025-03-24 17:29:34,859 - root - INFO - 已点击退出登录按钮
2025-03-24 17:29:35,525 - root - INFO - 已点击确定按钮，完成退出登录
2025-03-24 17:29:39,881 - root - INFO - 已关闭浏览器
2025-03-24 17:29:40,895 - root - INFO - 开始登录操作
2025-03-24 17:29:43,860 - root - INFO - 已打开登录页面
2025-03-24 17:29:43,968 - root - INFO - 已输入用户名：guomj
2025-03-24 17:29:44,040 - root - INFO - 已输入密码：gmj123..
2025-03-24 17:29:44,119 - root - INFO - 验证码图片已保存到 D:\gmj\workSpaces\workSpaces_pycharm\autoTest1\config\captcha.png
2025-03-24 17:29:44,878 - root - INFO - 验证码识别结果: 9 05E
2025-03-24 17:29:45,096 - root - INFO - 已输入验证码: 9 05E，第 1 次尝试
2025-03-24 17:29:50,192 - root - WARNING - 第 1 次登录失败，重新尝试
2025-03-24 17:29:50,192 - root - INFO - 开始登录操作
2025-03-24 17:29:52,416 - root - INFO - 已打开登录页面
2025-03-24 17:29:52,492 - root - INFO - 已输入用户名：guomj
2025-03-24 17:29:52,559 - root - INFO - 已输入密码：gmj123..
2025-03-24 17:29:52,647 - root - INFO - 验证码图片已保存到 D:\gmj\workSpaces\workSpaces_pycharm\autoTest1\config\captcha.png
2025-03-24 17:29:53,376 - root - INFO - 验证码识别结果: vCT I
2025-03-24 17:29:53,558 - root - INFO - 已输入验证码: vCT I，第 2 次尝试
2025-03-24 17:29:58,627 - root - WARNING - 第 2 次登录失败，重新尝试
2025-03-24 17:29:58,628 - root - INFO - 开始登录操作
2025-03-24 17:29:59,765 - root - INFO - 已打开登录页面
2025-03-24 17:29:59,858 - root - INFO - 已输入用户名：guomj
2025-03-24 17:29:59,945 - root - INFO - 已输入密码：gmj123..
2025-03-24 17:30:00,033 - root - INFO - 验证码图片已保存到 D:\gmj\workSpaces\workSpaces_pycharm\autoTest1\config\captcha.png
2025-03-24 17:30:00,924 - root - INFO - 验证码识别结果: i2Tq
2025-03-24 17:30:00,991 - root - INFO - 已输入验证码: i2Tq，第 3 次尝试
2025-03-24 17:30:02,328 - root - INFO - 登录成功
2025-03-24 17:30:02,892 - root - INFO - Token: eyJ0eXAiOiJKV1QiLCJhbGciOiJIUzI1NiJ9.eyJpZCI6IjE4NTMyMzM5MjA5MDUwODA4MzMiLCJleHAiOjE3NDI4Mzc0MDAsInVzZXJuYW1lIjoiZ3VvbWoiLCJyZWFsbmFtZSI6IumDreaipuWohyjmraPlvI8pIn0.pJWs9ri6rhk5rI8wF9njVTstzkzH97T5YzdojrRIQFo
2025-03-24 17:30:03,790 - root - INFO - 已导航到销售计划页面
2025-03-24 17:30:03,793 - root - INFO - 实际页面URL: /amzShipment/salesPlan
2025-03-24 17:30:03,794 - root - INFO - 目标URL: http://192.168.150.222:3066/amzShipment/salesPlan
2025-03-24 17:30:07,128 - httpx - INFO - HTTP Request: POST https://api.moonshot.cn/v1/files "HTTP/1.1 200 OK"
2025-03-24 17:30:07,182 - httpx - INFO - HTTP Request: GET https://api.moonshot.cn/v1/files/cvgic7o1gem4klc6fu6g/content "HTTP/1.1 200 OK"
2025-03-24 17:30:22,994 - httpx - INFO - HTTP Request: POST https://api.moonshot.cn/v1/chat/completions "HTTP/1.1 200 OK"
2025-03-24 17:30:23,000 - root - INFO - 关闭浏览器
2025-03-24 17:30:25,386 - root - INFO - Test case test_menu_navigation ended at 2025-03-24 17:30:25.386630
