2025-05-09 16:45:23,720 - root - INFO - 使用的 ChromeDriver 路径: D:\gmj\workSpaces\workSpaces_pycharm\autoTest4\Base\utils\chromedriver.exe
2025-05-09 16:45:23,869 - root - INFO - Test case test_menu_navigation started at 2025-05-09 16:45:23.869336
2025-05-09 16:45:24,877 - root - INFO - 开始登录操作
2025-05-09 16:45:32,709 - root - INFO - 已打开登录页面
2025-05-09 16:45:32,800 - root - INFO - 已输入用户名：guomj
2025-05-09 16:45:32,890 - root - INFO - 已输入密码：gmj123..
2025-05-09 16:45:32,974 - root - INFO - 验证码图片已保存到 D:\gmj\workSpaces\workSpaces_pycharm\autoTest4\Base\utils\captcha.png
2025-05-09 16:45:34,014 - root - INFO - 验证码识别结果: prhE
2025-05-09 16:45:34,091 - root - INFO - 已输入验证码: prhE，第 1 次尝试
2025-05-09 16:45:38,650 - root - INFO - 登录成功
2025-05-09 16:45:38,651 - root - ERROR - 登录过程中出现错误: 'LoginPage' object has no attribute 'get_access_token_ptuser'
2025-05-09 16:45:38,652 - root - INFO - 开始登录操作
2025-05-09 16:45:39,605 - root - INFO - 已打开登录页面
2025-05-09 16:45:49,846 - root - ERROR - 登录过程中出现错误: Message: 
Stacktrace:
	GetHandleVerifier [0x00007FF67CF32775+28773]
	(No symbol) [0x00007FF67CE9AFB0]
	(No symbol) [0x00007FF67CD3552A]
	(No symbol) [0x00007FF67CD88EAE]
	(No symbol) [0x00007FF67CD8919C]
	(No symbol) [0x00007FF67CDD23F7]
	(No symbol) [0x00007FF67CDAEFDF]
	(No symbol) [0x00007FF67CDCF1A4]
	(No symbol) [0x00007FF67CDAED43]
	(No symbol) [0x00007FF67CD7A548]
	(No symbol) [0x00007FF67CD7B6B1]
	GetHandleVerifier [0x00007FF67D25F45D+3358029]
	GetHandleVerifier [0x00007FF67D27430D+3443709]
	GetHandleVerifier [0x00007FF67D2683FD+3394797]
	GetHandleVerifier [0x00007FF67CFF929B+842635]
	(No symbol) [0x00007FF67CEA654F]
	(No symbol) [0x00007FF67CEA1FA4]
	(No symbol) [0x00007FF67CEA213D]
	(No symbol) [0x00007FF67CE91629]
	BaseThreadInitThunk [0x00007FF85D097614+20]
	RtlUserThreadStart [0x00007FF85D2A26A1+33]

2025-05-09 16:45:49,849 - root - INFO - 开始登录操作
2025-05-09 16:45:50,117 - root - INFO - 已打开登录页面
2025-05-09 16:46:00,362 - root - ERROR - 登录过程中出现错误: Message: 
Stacktrace:
	GetHandleVerifier [0x00007FF67CF32775+28773]
	(No symbol) [0x00007FF67CE9AFB0]
	(No symbol) [0x00007FF67CD3552A]
	(No symbol) [0x00007FF67CD88EAE]
	(No symbol) [0x00007FF67CD8919C]
	(No symbol) [0x00007FF67CDD23F7]
	(No symbol) [0x00007FF67CDAEFDF]
	(No symbol) [0x00007FF67CDCF1A4]
	(No symbol) [0x00007FF67CDAED43]
	(No symbol) [0x00007FF67CD7A548]
	(No symbol) [0x00007FF67CD7B6B1]
	GetHandleVerifier [0x00007FF67D25F45D+3358029]
	GetHandleVerifier [0x00007FF67D27430D+3443709]
	GetHandleVerifier [0x00007FF67D2683FD+3394797]
	GetHandleVerifier [0x00007FF67CFF929B+842635]
	(No symbol) [0x00007FF67CEA654F]
	(No symbol) [0x00007FF67CEA1FA4]
	(No symbol) [0x00007FF67CEA213D]
	(No symbol) [0x00007FF67CE91629]
	BaseThreadInitThunk [0x00007FF85D097614+20]
	RtlUserThreadStart [0x00007FF85D2A26A1+33]

2025-05-09 16:46:00,366 - root - INFO - 开始登录操作
2025-05-09 16:46:00,589 - root - INFO - 已打开登录页面
2025-05-09 16:46:10,799 - root - ERROR - 登录过程中出现错误: Message: 
Stacktrace:
	GetHandleVerifier [0x00007FF67CF32775+28773]
	(No symbol) [0x00007FF67CE9AFB0]
	(No symbol) [0x00007FF67CD3552A]
	(No symbol) [0x00007FF67CD88EAE]
	(No symbol) [0x00007FF67CD8919C]
	(No symbol) [0x00007FF67CDD23F7]
	(No symbol) [0x00007FF67CDAEFDF]
	(No symbol) [0x00007FF67CDCF1A4]
	(No symbol) [0x00007FF67CDAED43]
	(No symbol) [0x00007FF67CD7A548]
	(No symbol) [0x00007FF67CD7B6B1]
	GetHandleVerifier [0x00007FF67D25F45D+3358029]
	GetHandleVerifier [0x00007FF67D27430D+3443709]
	GetHandleVerifier [0x00007FF67D2683FD+3394797]
	GetHandleVerifier [0x00007FF67CFF929B+842635]
	(No symbol) [0x00007FF67CEA654F]
	(No symbol) [0x00007FF67CEA1FA4]
	(No symbol) [0x00007FF67CEA213D]
	(No symbol) [0x00007FF67CE91629]
	BaseThreadInitThunk [0x00007FF85D097614+20]
	RtlUserThreadStart [0x00007FF85D2A26A1+33]

2025-05-09 16:46:10,803 - root - INFO - 开始登录操作
2025-05-09 16:46:11,014 - root - INFO - 已打开登录页面
2025-05-09 16:46:21,358 - root - ERROR - 登录过程中出现错误: Message: 
Stacktrace:
	GetHandleVerifier [0x00007FF67CF32775+28773]
	(No symbol) [0x00007FF67CE9AFB0]
	(No symbol) [0x00007FF67CD3552A]
	(No symbol) [0x00007FF67CD88EAE]
	(No symbol) [0x00007FF67CD8919C]
	(No symbol) [0x00007FF67CDD23F7]
	(No symbol) [0x00007FF67CDAEFDF]
	(No symbol) [0x00007FF67CDCF1A4]
	(No symbol) [0x00007FF67CDAED43]
	(No symbol) [0x00007FF67CD7A548]
	(No symbol) [0x00007FF67CD7B6B1]
	GetHandleVerifier [0x00007FF67D25F45D+3358029]
	GetHandleVerifier [0x00007FF67D27430D+3443709]
	GetHandleVerifier [0x00007FF67D2683FD+3394797]
	GetHandleVerifier [0x00007FF67CFF929B+842635]
	(No symbol) [0x00007FF67CEA654F]
	(No symbol) [0x00007FF67CEA1FA4]
	(No symbol) [0x00007FF67CEA213D]
	(No symbol) [0x00007FF67CE91629]
	BaseThreadInitThunk [0x00007FF85D097614+20]
	RtlUserThreadStart [0x00007FF85D2A26A1+33]

2025-05-09 16:46:21,361 - root - ERROR - 验证码识别失败次数达到上限，登录失败
2025-05-09 16:46:21,414 - root - INFO - Test case test_menu_navigation ended at 2025-05-09 16:46:21.414721
2025-05-09 16:46:21,419 - root - INFO - Test case test_add_sales_plan started at 2025-05-09 16:46:21.419602
2025-05-09 16:46:22,377 - root - INFO - 开始登录操作
2025-05-09 16:46:29,846 - root - INFO - 已打开登录页面
2025-05-09 16:46:29,941 - root - INFO - 已输入用户名：guomj
2025-05-09 16:46:30,029 - root - INFO - 已输入密码：gmj123..
2025-05-09 16:46:30,115 - root - INFO - 验证码图片已保存到 D:\gmj\workSpaces\workSpaces_pycharm\autoTest4\Base\utils\captcha.png
2025-05-09 16:46:30,922 - root - INFO - 验证码识别结果: wn s5.
2025-05-09 16:46:31,009 - root - INFO - 已输入验证码: wn s5.，第 1 次尝试
2025-05-09 16:46:36,259 - root - WARNING - 第 1 次登录失败，重新尝试
2025-05-09 16:46:36,260 - root - INFO - 开始登录操作
2025-05-09 16:46:36,327 - root - INFO - 已打开登录页面
2025-05-09 16:46:37,671 - root - INFO - 已输入用户名：guomj
2025-05-09 16:46:37,753 - root - INFO - 已输入密码：gmj123..
2025-05-09 16:46:37,840 - root - INFO - 验证码图片已保存到 D:\gmj\workSpaces\workSpaces_pycharm\autoTest4\Base\utils\captcha.png
2025-05-09 16:46:38,621 - root - INFO - 验证码识别结果: 3 Uf j
2025-05-09 16:46:38,703 - root - INFO - 已输入验证码: 3 Uf j，第 2 次尝试
2025-05-09 16:46:43,898 - root - WARNING - 第 2 次登录失败，重新尝试
2025-05-09 16:46:43,898 - root - INFO - 开始登录操作
2025-05-09 16:46:44,294 - root - INFO - 已打开登录页面
2025-05-09 16:46:44,395 - root - INFO - 已输入用户名：guomj
2025-05-09 16:46:44,485 - root - INFO - 已输入密码：gmj123..
2025-05-09 16:46:44,582 - root - INFO - 验证码图片已保存到 D:\gmj\workSpaces\workSpaces_pycharm\autoTest4\Base\utils\captcha.png
2025-05-09 16:46:45,595 - root - INFO - 验证码识别结果: 0Cer
2025-05-09 16:46:45,735 - root - INFO - 已输入验证码: 0Cer，第 3 次尝试
2025-05-09 16:46:46,751 - root - WARNING - 第 3 次登录失败，重新尝试
2025-05-09 16:46:46,753 - root - INFO - 开始登录操作
2025-05-09 16:46:46,754 - root - ERROR - 登录过程中出现错误: Message: no such window: target window already closed
from unknown error: web view not found
  (Session info: chrome=131.0.6778.70)
Stacktrace:
	GetHandleVerifier [0x00007FF67CF32775+28773]
	(No symbol) [0x00007FF67CE9AFB0]
	(No symbol) [0x00007FF67CD3552A]
	(No symbol) [0x00007FF67CD0F2B5]
	(No symbol) [0x00007FF67CDB5FD7]
	(No symbol) [0x00007FF67CDCEA92]
	(No symbol) [0x00007FF67CDAED43]
	(No symbol) [0x00007FF67CD7A548]
	(No symbol) [0x00007FF67CD7B6B1]
	GetHandleVerifier [0x00007FF67D25F45D+3358029]
	GetHandleVerifier [0x00007FF67D27430D+3443709]
	GetHandleVerifier [0x00007FF67D2683FD+3394797]
	GetHandleVerifier [0x00007FF67CFF929B+842635]
	(No symbol) [0x00007FF67CEA654F]
	(No symbol) [0x00007FF67CEA1FA4]
	(No symbol) [0x00007FF67CEA213D]
	(No symbol) [0x00007FF67CE91629]
	BaseThreadInitThunk [0x00007FF85D097614+20]
	RtlUserThreadStart [0x00007FF85D2A26A1+33]

2025-05-09 16:46:46,758 - root - INFO - 开始登录操作
2025-05-09 16:46:46,759 - root - ERROR - 登录过程中出现错误: Message: no such window: target window already closed
from unknown error: web view not found
  (Session info: chrome=131.0.6778.70)
Stacktrace:
	GetHandleVerifier [0x00007FF67CF32775+28773]
	(No symbol) [0x00007FF67CE9AFB0]
	(No symbol) [0x00007FF67CD3552A]
	(No symbol) [0x00007FF67CD0F2B5]
	(No symbol) [0x00007FF67CDB5FD7]
	(No symbol) [0x00007FF67CDCEA92]
	(No symbol) [0x00007FF67CDAED43]
	(No symbol) [0x00007FF67CD7A548]
	(No symbol) [0x00007FF67CD7B6B1]
	GetHandleVerifier [0x00007FF67D25F45D+3358029]
	GetHandleVerifier [0x00007FF67D27430D+3443709]
	GetHandleVerifier [0x00007FF67D2683FD+3394797]
	GetHandleVerifier [0x00007FF67CFF929B+842635]
	(No symbol) [0x00007FF67CEA654F]
	(No symbol) [0x00007FF67CEA1FA4]
	(No symbol) [0x00007FF67CEA213D]
	(No symbol) [0x00007FF67CE91629]
	BaseThreadInitThunk [0x00007FF85D097614+20]
	RtlUserThreadStart [0x00007FF85D2A26A1+33]

2025-05-09 16:46:46,762 - root - ERROR - 验证码识别失败次数达到上限，登录失败
2025-05-09 16:46:46,774 - root - INFO - Test case test_add_sales_plan ended at 2025-05-09 16:46:46.774600
