2025-06-03 13:47:04,643 - root - INFO - 使用的 ChromeDriver 路径: D:\gmj\workSpaces\workSpaces_pycharm\autoTest4\Base\utils\chromedriver.exe
2025-06-03 13:47:04,942 - root - INFO - Test case test_add_sales_plan_quantity started at 2025-06-03 13:47:04.942284
2025-06-03 13:47:06,038 - root - INFO - 开始登录操作
2025-06-03 13:47:13,041 - root - INFO - 已打开登录页面
2025-06-03 13:47:13,169 - root - INFO - 已输入用户名：guomj
2025-06-03 13:47:13,265 - root - INFO - 已输入密码：gmj123..
2025-06-03 13:47:13,350 - root - INFO - 验证码图片已保存到 D:\gmj\workSpaces\workSpaces_pycharm\autoTest4\Base\utils\captcha.png
2025-06-03 13:47:15,498 - root - INFO - 验证码识别结果: ElZH
2025-06-03 13:47:15,689 - root - INFO - 已输入验证码: ElZH，第 1 次尝试
2025-06-03 13:47:19,242 - root - INFO - 登录成功
2025-06-03 13:47:19,244 - root - INFO - 点击主菜单: ('xpath', "//*[@role='menu']//span[text()='Amazon发货']")
2025-06-03 13:47:19,528 - root - INFO - 点击子菜单: ('xpath', "//*[@role='menu']//a[@href='/amzShipment/salesPlan']")
2025-06-03 13:47:20,269 - root - INFO - 等待URL包含: /amzShipment/salesPlan
2025-06-03 13:47:20,274 - root - INFO - 点击店铺选择器
2025-06-03 13:47:21,940 - root - INFO - 点击市场选择器
2025-06-03 13:47:23,803 - root - INFO - 点击销售计划菜单
2025-06-03 13:47:24,181 - root - INFO - 输入ASIN: B0BV29TQWG
2025-06-03 13:47:24,268 - root - INFO - 点击搜索按钮
2025-06-03 13:47:24,738 - root - INFO - 点击创建需求按钮
2025-06-03 13:47:25,364 - root - INFO - 等待月份选择框出现
2025-06-03 13:47:25,377 - root - INFO - 点击月份选择框
2025-06-03 13:47:25,447 - root - INFO - 等待弹窗月份选项出现
2025-06-03 13:47:25,977 - root - INFO - 点击五月选项
2025-06-03 13:47:26,037 - root - INFO - 输入计划数量1000
2025-06-03 13:47:26,152 - root - INFO - 点击保存并继续按钮
2025-06-03 13:47:27,279 - root - INFO - 等待提示消息出现
2025-06-03 13:47:27,877 - root - INFO - 保存成功提示: 添加成功！
2025-06-03 13:47:27,878 - root - INFO - 实际成功提示内容: 添加成功！
2025-06-03 13:47:28,880 - root - INFO - 等待月份选择框出现
2025-06-03 13:47:28,888 - root - INFO - 点击月份选择框
2025-06-03 13:47:30,832 - root - INFO - 获取提示信息: 添加成功！
2025-06-03 13:47:32,834 - root - INFO - 等待月份选择框出现
2025-06-03 13:47:32,841 - root - INFO - 点击月份选择框
2025-06-03 13:47:35,224 - root - INFO - 获取提示信息: 添加成功！
2025-06-03 13:47:37,226 - root - INFO - 等待月份选择框出现
2025-06-03 13:47:37,235 - root - INFO - 点击月份选择框
2025-06-03 13:47:39,733 - root - INFO - 获取提示信息: 添加成功！
2025-06-03 13:47:41,735 - root - INFO - 等待月份选择框出现
2025-06-03 13:47:41,745 - root - INFO - 点击月份选择框
2025-06-03 13:47:44,116 - root - INFO - 获取提示信息: 添加成功！
2025-06-03 13:47:46,118 - root - INFO - 等待月份选择框出现
2025-06-03 13:47:46,127 - root - INFO - 点击月份选择框
2025-06-03 13:47:48,513 - root - INFO - 获取提示信息: 添加成功！
2025-06-03 13:47:50,515 - root - INFO - 等待月份选择框出现
2025-06-03 13:47:50,523 - root - INFO - 点击月份选择框
2025-06-03 13:47:52,938 - root - INFO - 获取提示信息: 添加成功！
2025-06-03 13:47:54,940 - root - INFO - 等待月份选择框出现
2025-06-03 13:47:54,949 - root - INFO - 点击月份选择框
2025-06-03 13:47:57,329 - root - INFO - 获取提示信息: 请添加sku计划数量
2025-06-03 13:47:59,332 - root - INFO - 等待月份选择框出现
2025-06-03 13:47:59,387 - root - INFO - 点击月份选择框
2025-06-03 13:48:01,789 - root - INFO - 获取提示信息: 请添加sku计划数量
2025-06-03 13:48:03,791 - root - INFO - 等待月份选择框出现
2025-06-03 13:48:03,798 - root - INFO - 点击月份选择框
2025-06-03 13:48:06,180 - root - INFO - 获取提示信息: 请添加sku计划数量
2025-06-03 13:48:08,182 - root - INFO - 等待月份选择框出现
2025-06-03 13:48:08,189 - root - INFO - 点击月份选择框
2025-06-03 13:48:10,633 - root - INFO - 获取提示信息: 请添加sku计划数量
2025-06-03 13:48:12,635 - root - INFO - 等待月份选择框出现
2025-06-03 13:48:12,643 - root - INFO - 点击月份选择框
2025-06-03 13:48:15,019 - root - INFO - 获取提示信息: 操作失败，系统错误请联系管理员！
2025-06-03 13:48:17,020 - root - INFO - 等待月份选择框出现
2025-06-03 13:48:17,028 - root - INFO - 点击月份选择框
2025-06-03 13:48:19,601 - root - INFO - 获取提示信息: 操作失败，系统错误请联系管理员！
2025-06-03 13:48:21,602 - root - INFO - 等待月份选择框出现
2025-06-03 13:48:21,611 - root - INFO - 点击月份选择框
2025-06-03 13:48:24,010 - root - INFO - 获取提示信息: 添加成功！
2025-06-03 13:48:26,014 - root - INFO - 关闭浏览器
2025-06-03 13:48:28,114 - root - INFO - Test case test_add_sales_plan_quantity ended at 2025-06-03 13:48:28.114720
