2025-03-24 13:56:36,022 - root - INFO - 使用的 ChromeDriver 路径: D:\gmj\workSpaces\workSpaces_pycharm\autoTest1\utils\chromedriver.exe
2025-03-24 13:56:36,049 - root - INFO - Test case test_logout started at 2025-03-24 13:56:36.049991
2025-03-24 13:56:37,030 - root - INFO - 开始登录操作
2025-03-24 13:56:39,342 - root - INFO - 已打开登录页面
2025-03-24 13:56:39,439 - root - INFO - 已输入用户名：guomj
2025-03-24 13:56:39,514 - root - INFO - 已输入密码：gmj123..
2025-03-24 13:56:39,622 - root - INFO - 验证码图片已保存到 D:\gmj\workSpaces\workSpaces_pycharm\autoTest1\config\captcha.png
2025-03-24 13:56:40,332 - root - INFO - 验证码识别结果: a b u t
2025-03-24 13:56:40,435 - root - INFO - 已输入验证码: a b u t，第 1 次尝试
2025-03-24 13:56:45,502 - root - WARNING - 第 1 次登录失败，重新尝试
2025-03-24 13:56:45,502 - root - INFO - 开始登录操作
2025-03-24 13:56:47,342 - root - INFO - 已打开登录页面
2025-03-24 13:56:47,484 - root - INFO - 已输入用户名：guomj
2025-03-24 13:56:47,671 - root - INFO - 已输入密码：gmj123..
2025-03-24 13:56:47,783 - root - INFO - 验证码图片已保存到 D:\gmj\workSpaces\workSpaces_pycharm\autoTest1\config\captcha.png
2025-03-24 13:56:48,686 - root - INFO - 验证码识别结果: R0ip
2025-03-24 13:56:48,763 - root - INFO - 已输入验证码: R0ip，第 2 次尝试
2025-03-24 13:56:49,908 - root - INFO - 登录成功
2025-03-24 13:56:49,963 - root - INFO - Token: eyJ0eXAiOiJKV1QiLCJhbGciOiJIUzI1NiJ9.eyJpZCI6IjE4NTMyMzM5MjA5MDUwODA4MzMiLCJleHAiOjE3NDI4MjQ2MDgsInVzZXJuYW1lIjoiZ3VvbWoiLCJyZWFsbmFtZSI6IumDreaipuWohyjmraPlvI8pIn0.s2pXdTn8DfRM2TCE38XLNv4-qznNfT7qONvZ_FWb650
2025-03-24 13:56:51,451 - root - ERROR - 退出登录时出现错误: Message: element click intercepted: Element <span data-v-8ef766a4="">...</span> is not clickable at point (1866, 29). Other element would receive the click: <div class="ant-notification-notice ant-notification-notice-closable">...</div>
  (Session info: chrome=131.0.6778.70)
Stacktrace:
	GetHandleVerifier [0x00007FF780412775+28773]
	(No symbol) [0x00007FF78037AFB0]
	(No symbol) [0x00007FF78021552A]
	(No symbol) [0x00007FF780270B5E]
	(No symbol) [0x00007FF78026E5FC]
	(No symbol) [0x00007FF78026B7E6]
	(No symbol) [0x00007FF78026A741]
	(No symbol) [0x00007FF78025C970]
	(No symbol) [0x00007FF78028EF9A]
	(No symbol) [0x00007FF78025C1C6]
	(No symbol) [0x00007FF78028F1B0]
	(No symbol) [0x00007FF7802AF1A4]
	(No symbol) [0x00007FF78028ED43]
	(No symbol) [0x00007FF78025A548]
	(No symbol) [0x00007FF78025B6B1]
	GetHandleVerifier [0x00007FF78073F45D+3358029]
	GetHandleVerifier [0x00007FF78075430D+3443709]
	GetHandleVerifier [0x00007FF7807483FD+3394797]
	GetHandleVerifier [0x00007FF7804D929B+842635]
	(No symbol) [0x00007FF78038654F]
	(No symbol) [0x00007FF780381FA4]
	(No symbol) [0x00007FF78038213D]
	(No symbol) [0x00007FF780371629]
	BaseThreadInitThunk [0x00007FF8652F7614+20]
	RtlUserThreadStart [0x00007FF8654E26A1+33]

2025-03-24 13:56:51,522 - root - INFO - 关闭浏览器
2025-03-24 13:56:53,941 - root - INFO - Test case test_logout ended at 2025-03-24 13:56:53.941619
