2025-03-24 15:03:15,635 - root - INFO - 使用的 ChromeDriver 路径: D:\gmj\workSpaces\workSpaces_pycharm\autoTest1\utils\chromedriver.exe
2025-03-24 15:03:16,548 - root - INFO - Test case test_menu_navigation started at 2025-03-24 15:03:16.548545
2025-03-24 15:03:17,516 - root - INFO - 开始登录操作
2025-03-24 15:03:20,083 - root - INFO - 已打开登录页面
2025-03-24 15:03:20,239 - root - INFO - 已输入用户名：ptuser
2025-03-24 15:03:20,335 - root - INFO - 已输入密码：qwe123
2025-03-24 15:03:20,425 - root - INFO - 验证码图片已保存到 D:\gmj\workSpaces\workSpaces_pycharm\autoTest1\config\captcha.png
2025-03-24 15:03:21,212 - root - INFO - 验证码识别结果: XUMY
2025-03-24 15:03:21,290 - root - INFO - 已输入验证码: XUMY，第 1 次尝试
2025-03-24 15:03:22,531 - root - INFO - 登录成功
2025-03-24 15:03:22,547 - root - INFO - Token: eyJ0eXAiOiJKV1QiLCJhbGciOiJIUzI1NiJ9.eyJpZCI6IjE4NzE0NDExMjc1Mzg4MTQ5NzgiLCJleHAiOjE3NDI4Mjg2MDEsInVzZXJuYW1lIjoicHR1c2VyIiwicmVhbG5hbWUiOiLns7vnu5_nrqHnkIblkZgifQ.2HL9gIBTbLYY9Bm0khdpLKgnGuVlXW7BZvlxRpoUzgI
2025-03-24 15:03:23,041 - root - INFO - Token: eyJ0eXAiOiJKV1QiLCJhbGciOiJIUzI1NiJ9.eyJpZCI6IjE4NzE0NDExMjc1Mzg4MTQ5NzgiLCJleHAiOjE3NDI4Mjg2MDEsInVzZXJuYW1lIjoicHR1c2VyIiwicmVhbG5hbWUiOiLns7vnu5_nrqHnkIblkZgifQ.2HL9gIBTbLYY9Bm0khdpLKgnGuVlXW7BZvlxRpoUzgI
2025-03-24 15:03:23,089 - root - INFO - 开始解析36个根菜单项
2025-03-24 15:03:23,090 - root - INFO - 共提取到257个菜单项
2025-03-24 15:03:23,091 - root - INFO - 菜单数据已保存至: d:\gmj\workSpaces\workSpaces_pycharm\autoTest1\menu.json
2025-03-24 15:03:23,169 - root - INFO - 已关闭通知框
2025-03-24 15:03:23,427 - root - INFO - 已点击退出登录按钮
2025-03-24 15:03:24,079 - root - INFO - 已点击确定按钮，完成退出登录
2025-03-24 15:03:29,516 - root - INFO - 开始登录操作
2025-03-24 15:03:31,926 - root - INFO - 已打开登录页面
2025-03-24 15:03:32,025 - root - INFO - 已输入用户名：guomj
2025-03-24 15:03:32,098 - root - INFO - 已输入密码：gmj123..
2025-03-24 15:03:32,188 - root - INFO - 验证码图片已保存到 D:\gmj\workSpaces\workSpaces_pycharm\autoTest1\config\captcha.png
2025-03-24 15:03:32,991 - root - INFO - 验证码识别结果: Xf3z
2025-03-24 15:03:33,065 - root - INFO - 已输入验证码: Xf3z，第 1 次尝试
2025-03-24 15:03:34,191 - root - INFO - 登录成功
2025-03-24 15:03:34,233 - root - INFO - Token: eyJ0eXAiOiJKV1QiLCJhbGciOiJIUzI1NiJ9.eyJpZCI6IjE4NTMyMzM5MjA5MDUwODA4MzMiLCJleHAiOjE3NDI4Mjg2MTMsInVzZXJuYW1lIjoiZ3VvbWoiLCJyZWFsbmFtZSI6IumDreaipuWohyjmraPlvI8pIn0.BkVsIiE0wySrqxHT7EZfGbEpa_MX6RsJHsjWM8cTfHE
2025-03-24 15:03:34,412 - root - INFO - 关闭浏览器
2025-03-24 15:03:37,748 - root - INFO - Test case test_menu_navigation ended at 2025-03-24 15:03:37.748075
