2025-05-10 14:28:50,659 - root - INFO - 使用的 ChromeDriver 路径: D:\gmj\workSpaces\workSpaces_pycharm\autoTest4\Base\utils\chromedriver.exe
2025-05-10 14:28:50,816 - root - INFO - Test case test_menu_navigation started at 2025-05-10 14:28:50.816144
2025-05-10 14:28:51,848 - root - INFO - 开始登录操作
2025-05-10 14:28:58,777 - root - INFO - 已打开登录页面
2025-05-10 14:28:58,881 - root - INFO - 已输入用户名：guomj
2025-05-10 14:28:58,974 - root - INFO - 已输入密码：gmj123..
2025-05-10 14:28:59,072 - root - INFO - 验证码图片已保存到 D:\gmj\workSpaces\workSpaces_pycharm\autoTest4\Base\utils\captcha.png
2025-05-10 14:28:59,996 - root - INFO - 验证码识别结果: RzbX
2025-05-10 14:29:00,070 - root - INFO - 已输入验证码: RzbX，第 1 次尝试
2025-05-10 14:29:03,229 - root - INFO - 登录成功
2025-05-10 14:29:04,213 - root - INFO - 已导航到销售计划页面
2025-05-10 14:29:04,225 - root - INFO - 实际页面URL: amzShipment/salesPlan
2025-05-10 14:29:04,225 - root - INFO - 目标URL: http://124.222.178.125:3006/amzShipment/salesPlan
2025-05-10 14:29:04,281 - root - INFO - 关闭浏览器
2025-05-10 14:29:06,393 - root - INFO - Test case test_menu_navigation ended at 2025-05-10 14:29:06.393739
2025-05-10 14:29:06,398 - root - INFO - Test case test_add_sales_plan started at 2025-05-10 14:29:06.398785
2025-05-10 14:29:07,517 - root - INFO - 开始登录操作
2025-05-10 14:29:14,551 - root - INFO - 已打开登录页面
2025-05-10 14:29:14,641 - root - INFO - 已输入用户名：guomj
2025-05-10 14:29:14,722 - root - INFO - 已输入密码：gmj123..
2025-05-10 14:29:14,797 - root - INFO - 验证码图片已保存到 D:\gmj\workSpaces\workSpaces_pycharm\autoTest4\Base\utils\captcha.png
2025-05-10 14:29:15,777 - root - INFO - 验证码识别结果: UWLz
2025-05-10 14:29:15,938 - root - INFO - 已输入验证码: UWLz，第 1 次尝试
2025-05-10 14:29:19,106 - root - INFO - 登录成功
2025-05-10 14:29:19,108 - root - INFO - 关闭浏览器
2025-05-10 14:29:21,269 - root - INFO - Test case test_add_sales_plan ended at 2025-05-10 14:29:21.269564
