2025-05-08 17:33:14,187 - root - INFO - 使用的 ChromeDriver 路径: D:\gmj\workSpaces\workSpaces_pycharm\autoTest4\Base\utils\chromedriver.exe
2025-05-08 17:33:14,246 - root - INFO - Test case test_menu_navigation started at 2025-05-08 17:33:14.246766
2025-05-08 17:33:15,260 - root - INFO - 开始登录操作
2025-05-08 17:33:22,097 - root - INFO - 已打开登录页面
2025-05-08 17:33:22,189 - root - INFO - 已输入用户名：guomj
2025-05-08 17:33:22,262 - root - INFO - 已输入密码：gmj123..
2025-05-08 17:33:22,335 - root - INFO - 验证码图片已保存到 D:\gmj\workSpaces\workSpaces_pycharm\autoTest4\Base\utils\captcha.png
2025-05-08 17:33:22,335 - root - ERROR - OCR 脚本文件不存在: D:\gmj\workSpaces\workSpaces_pycharm\autoTest4\utils\ocr.py
2025-05-08 17:33:22,335 - root - INFO - 开始登录操作
2025-05-08 17:33:23,104 - root - INFO - 已打开登录页面
2025-05-08 17:33:23,172 - root - INFO - 已输入用户名：guomj
2025-05-08 17:33:23,243 - root - INFO - 已输入密码：gmj123..
2025-05-08 17:33:23,316 - root - INFO - 验证码图片已保存到 D:\gmj\workSpaces\workSpaces_pycharm\autoTest4\Base\utils\captcha.png
2025-05-08 17:33:23,316 - root - ERROR - OCR 脚本文件不存在: D:\gmj\workSpaces\workSpaces_pycharm\autoTest4\utils\ocr.py
2025-05-08 17:33:23,317 - root - INFO - 开始登录操作
2025-05-08 17:33:23,740 - root - INFO - 已打开登录页面
2025-05-08 17:33:23,828 - root - INFO - 已输入用户名：guomj
2025-05-08 17:33:23,927 - root - INFO - 已输入密码：gmj123..
2025-05-08 17:33:24,034 - root - INFO - 验证码图片已保存到 D:\gmj\workSpaces\workSpaces_pycharm\autoTest4\Base\utils\captcha.png
2025-05-08 17:33:24,034 - root - ERROR - OCR 脚本文件不存在: D:\gmj\workSpaces\workSpaces_pycharm\autoTest4\utils\ocr.py
2025-05-08 17:33:24,034 - root - INFO - 开始登录操作
2025-05-08 17:33:24,494 - root - INFO - 已打开登录页面
2025-05-08 17:33:24,803 - root - INFO - 已输入用户名：guomj
2025-05-08 17:33:24,975 - root - INFO - 已输入密码：gmj123..
2025-05-08 17:33:25,055 - root - INFO - 验证码图片已保存到 D:\gmj\workSpaces\workSpaces_pycharm\autoTest4\Base\utils\captcha.png
2025-05-08 17:33:25,055 - root - ERROR - OCR 脚本文件不存在: D:\gmj\workSpaces\workSpaces_pycharm\autoTest4\utils\ocr.py
2025-05-08 17:33:25,055 - root - INFO - 开始登录操作
2025-05-08 17:33:25,071 - root - INFO - 已打开登录页面
2025-05-08 17:33:25,671 - root - INFO - 已输入用户名：guomj
2025-05-08 17:33:25,735 - root - INFO - 已输入密码：gmj123..
2025-05-08 17:33:25,818 - root - INFO - 验证码图片已保存到 D:\gmj\workSpaces\workSpaces_pycharm\autoTest4\Base\utils\captcha.png
2025-05-08 17:33:25,819 - root - ERROR - OCR 脚本文件不存在: D:\gmj\workSpaces\workSpaces_pycharm\autoTest4\utils\ocr.py
2025-05-08 17:33:25,819 - root - ERROR - 验证码识别失败次数达到上限，登录失败
2025-05-08 17:33:25,897 - root - INFO - Test case test_menu_navigation ended at 2025-05-08 17:33:25.897671
2025-05-08 17:33:25,899 - root - INFO - Test case test_add_sales_plan started at 2025-05-08 17:33:25.899624
2025-05-08 17:33:27,020 - root - INFO - 开始登录操作
2025-05-08 17:33:49,653 - root - INFO - 已打开登录页面
2025-05-08 17:33:49,655 - root - ERROR - 登录过程中出现错误: Message: no such window: target window already closed
from unknown error: web view not found
  (Session info: chrome=131.0.6778.70)
Stacktrace:
	GetHandleVerifier [0x00007FF7099E2775+28773]
	(No symbol) [0x00007FF70994AFB0]
	(No symbol) [0x00007FF7097E552A]
	(No symbol) [0x00007FF7097BF2B5]
	(No symbol) [0x00007FF709865FD7]
	(No symbol) [0x00007FF70987EA92]
	(No symbol) [0x00007FF70985ED43]
	(No symbol) [0x00007FF70982A548]
	(No symbol) [0x00007FF70982B6B1]
	GetHandleVerifier [0x00007FF709D0F45D+3358029]
	GetHandleVerifier [0x00007FF709D2430D+3443709]
	GetHandleVerifier [0x00007FF709D183FD+3394797]
	GetHandleVerifier [0x00007FF709AA929B+842635]
	(No symbol) [0x00007FF70995654F]
	(No symbol) [0x00007FF709951FA4]
	(No symbol) [0x00007FF70995213D]
	(No symbol) [0x00007FF709941629]
	BaseThreadInitThunk [0x00007FFCA9B17614+20]
	RtlUserThreadStart [0x00007FFCAB3826A1+33]

2025-05-08 17:33:49,655 - root - INFO - 开始登录操作
2025-05-08 17:33:49,656 - root - ERROR - 登录过程中出现错误: Message: no such window: target window already closed
from unknown error: web view not found
  (Session info: chrome=131.0.6778.70)
Stacktrace:
	GetHandleVerifier [0x00007FF7099E2775+28773]
	(No symbol) [0x00007FF70994AFB0]
	(No symbol) [0x00007FF7097E552A]
	(No symbol) [0x00007FF7097BF2B5]
	(No symbol) [0x00007FF709865FD7]
	(No symbol) [0x00007FF70987EA92]
	(No symbol) [0x00007FF70985ED43]
	(No symbol) [0x00007FF70982A548]
	(No symbol) [0x00007FF70982B6B1]
	GetHandleVerifier [0x00007FF709D0F45D+3358029]
	GetHandleVerifier [0x00007FF709D2430D+3443709]
	GetHandleVerifier [0x00007FF709D183FD+3394797]
	GetHandleVerifier [0x00007FF709AA929B+842635]
	(No symbol) [0x00007FF70995654F]
	(No symbol) [0x00007FF709951FA4]
	(No symbol) [0x00007FF70995213D]
	(No symbol) [0x00007FF709941629]
	BaseThreadInitThunk [0x00007FFCA9B17614+20]
	RtlUserThreadStart [0x00007FFCAB3826A1+33]

2025-05-08 17:33:49,656 - root - INFO - 开始登录操作
2025-05-08 17:33:49,657 - root - ERROR - 登录过程中出现错误: Message: no such window: target window already closed
from unknown error: web view not found
  (Session info: chrome=131.0.6778.70)
Stacktrace:
	GetHandleVerifier [0x00007FF7099E2775+28773]
	(No symbol) [0x00007FF70994AFB0]
	(No symbol) [0x00007FF7097E552A]
	(No symbol) [0x00007FF7097BF2B5]
	(No symbol) [0x00007FF709865FD7]
	(No symbol) [0x00007FF70987EA92]
	(No symbol) [0x00007FF70985ED43]
	(No symbol) [0x00007FF70982A548]
	(No symbol) [0x00007FF70982B6B1]
	GetHandleVerifier [0x00007FF709D0F45D+3358029]
	GetHandleVerifier [0x00007FF709D2430D+3443709]
	GetHandleVerifier [0x00007FF709D183FD+3394797]
	GetHandleVerifier [0x00007FF709AA929B+842635]
	(No symbol) [0x00007FF70995654F]
	(No symbol) [0x00007FF709951FA4]
	(No symbol) [0x00007FF70995213D]
	(No symbol) [0x00007FF709941629]
	BaseThreadInitThunk [0x00007FFCA9B17614+20]
	RtlUserThreadStart [0x00007FFCAB3826A1+33]

2025-05-08 17:33:49,657 - root - INFO - 开始登录操作
2025-05-08 17:33:49,658 - root - ERROR - 登录过程中出现错误: Message: no such window: target window already closed
from unknown error: web view not found
  (Session info: chrome=131.0.6778.70)
Stacktrace:
	GetHandleVerifier [0x00007FF7099E2775+28773]
	(No symbol) [0x00007FF70994AFB0]
	(No symbol) [0x00007FF7097E552A]
	(No symbol) [0x00007FF7097BF2B5]
	(No symbol) [0x00007FF709865FD7]
	(No symbol) [0x00007FF70987EA92]
	(No symbol) [0x00007FF70985ED43]
	(No symbol) [0x00007FF70982A548]
	(No symbol) [0x00007FF70982B6B1]
	GetHandleVerifier [0x00007FF709D0F45D+3358029]
	GetHandleVerifier [0x00007FF709D2430D+3443709]
	GetHandleVerifier [0x00007FF709D183FD+3394797]
	GetHandleVerifier [0x00007FF709AA929B+842635]
	(No symbol) [0x00007FF70995654F]
	(No symbol) [0x00007FF709951FA4]
	(No symbol) [0x00007FF70995213D]
	(No symbol) [0x00007FF709941629]
	BaseThreadInitThunk [0x00007FFCA9B17614+20]
	RtlUserThreadStart [0x00007FFCAB3826A1+33]

2025-05-08 17:33:49,659 - root - INFO - 开始登录操作
2025-05-08 17:33:49,659 - root - ERROR - 登录过程中出现错误: Message: no such window: target window already closed
from unknown error: web view not found
  (Session info: chrome=131.0.6778.70)
Stacktrace:
	GetHandleVerifier [0x00007FF7099E2775+28773]
	(No symbol) [0x00007FF70994AFB0]
	(No symbol) [0x00007FF7097E552A]
	(No symbol) [0x00007FF7097BF2B5]
	(No symbol) [0x00007FF709865FD7]
	(No symbol) [0x00007FF70987EA92]
	(No symbol) [0x00007FF70985ED43]
	(No symbol) [0x00007FF70982A548]
	(No symbol) [0x00007FF70982B6B1]
	GetHandleVerifier [0x00007FF709D0F45D+3358029]
	GetHandleVerifier [0x00007FF709D2430D+3443709]
	GetHandleVerifier [0x00007FF709D183FD+3394797]
	GetHandleVerifier [0x00007FF709AA929B+842635]
	(No symbol) [0x00007FF70995654F]
	(No symbol) [0x00007FF709951FA4]
	(No symbol) [0x00007FF70995213D]
	(No symbol) [0x00007FF709941629]
	BaseThreadInitThunk [0x00007FFCA9B17614+20]
	RtlUserThreadStart [0x00007FFCAB3826A1+33]

2025-05-08 17:33:49,660 - root - ERROR - 验证码识别失败次数达到上限，登录失败
2025-05-08 17:33:49,669 - root - INFO - Test case test_add_sales_plan ended at 2025-05-08 17:33:49.669722
