2025-05-16 15:26:37,081 - root - INFO - 使用的 ChromeDriver 路径: D:\gmj\workSpaces\workSpaces_pycharm\autoTest4\Base\utils\chromedriver.exe
2025-05-16 15:26:37,199 - root - INFO - Test case test_add_sales_plan started at 2025-05-16 15:26:37.199133
2025-05-16 15:26:38,198 - root - INFO - 开始登录操作
2025-05-16 15:26:45,181 - root - INFO - 已打开登录页面
2025-05-16 15:26:45,287 - root - INFO - 已输入用户名：guomj
2025-05-16 15:26:45,373 - root - INFO - 已输入密码：gmj123..
2025-05-16 15:26:45,456 - root - INFO - 验证码图片已保存到 D:\gmj\workSpaces\workSpaces_pycharm\autoTest4\Base\utils\captcha.png
2025-05-16 15:26:46,234 - root - INFO - 验证码识别结果: t M9u
2025-05-16 15:26:46,318 - root - INFO - 已输入验证码: t M9u，第 1 次尝试
2025-05-16 15:26:56,417 - root - WARNING - 第 1 次登录失败，重新尝试
2025-05-16 15:26:56,418 - root - INFO - 开始登录操作
2025-05-16 15:26:56,951 - root - INFO - 已打开登录页面
2025-05-16 15:26:57,058 - root - INFO - 已输入用户名：guomj
2025-05-16 15:26:57,131 - root - INFO - 已输入密码：gmj123..
2025-05-16 15:26:57,231 - root - INFO - 验证码图片已保存到 D:\gmj\workSpaces\workSpaces_pycharm\autoTest4\Base\utils\captcha.png
2025-05-16 15:26:57,989 - root - INFO - 验证码识别结果: BJ9t
2025-05-16 15:26:58,059 - root - INFO - 已输入验证码: BJ9t，第 2 次尝试
2025-05-16 15:26:59,792 - root - INFO - 登录成功
2025-05-16 15:27:00,621 - root - INFO - 准备添加销售计划，ASIN=B0BTHRCY23, 月份数据=[{'month': '五月', 'value': '1000'}, {'month': '六月', 'value': '1000'}, {'month': '七月', 'value': '1000'}, {'month': '八月', 'value': '1000'}]
2025-05-16 15:27:15,305 - root - INFO - 关闭浏览器
2025-05-16 15:27:17,427 - root - INFO - Test case test_add_sales_plan ended at 2025-05-16 15:27:17.427281
