2025-05-15 16:44:00,469 - root - INFO - 使用的 ChromeDriver 路径: D:\gmj\workSpaces\workSpaces_pycharm\autoTest4\Base\utils\chromedriver.exe
2025-05-15 16:44:00,716 - root - INFO - Test case test_add_sales_plan started at 2025-05-15 16:44:00.716408
2025-05-15 16:44:01,778 - root - INFO - 开始登录操作
2025-05-15 16:44:09,928 - root - INFO - 已打开登录页面
2025-05-15 16:44:10,112 - root - INFO - 已输入用户名：guomj
2025-05-15 16:44:10,198 - root - INFO - 已输入密码：gmj123..
2025-05-15 16:44:10,286 - root - INFO - 验证码图片已保存到 D:\gmj\workSpaces\workSpaces_pycharm\autoTest4\Base\utils\captcha.png
2025-05-15 16:44:12,020 - root - INFO - 验证码识别结果: dwW8
2025-05-15 16:44:12,105 - root - INFO - 已输入验证码: dwW8，第 1 次尝试
2025-05-15 16:44:16,680 - root - INFO - 登录成功
2025-05-15 16:44:17,318 - root - INFO - 准备添加销售计划，ASIN=B0BTHRCY23, 月份数据=[{'month': '五月', 'value': '1000'}, {'month': '六月', 'value': '1000'}, {'month': '七月', 'value': '1000'}, {'month': '八月', 'value': '1000'}]
2025-05-15 16:44:52,551 - root - INFO - 截图已保存至：D:\gmj\workSpaces\workSpaces_pycharm\autoTest4\Base\../screenshots\search_result_timeout_20250515164452_20250515164452.png
2025-05-15 16:44:52,567 - root - ERROR - 搜索结果等待超时，当前页面源码：
<html lang="zh-cmn-Hans" class=" "><head><meta charset="utf-8"><meta http-equiv="X-UA-Compatible" content="IE=edge"><meta name="viewport" content="width=device-width,initial-scale=1"><meta name="renderer" content="webkit"><title>销售计划 · ERP</title><link rel="icon" href="/logo.png"><script src="/cdn/babel-polyfill/polyfill_7_2_5.js"></script><style>html,
    body,
    #app {
      height: 100%;
      margin: 0px;
      padding: 0px;
    }
    .chromeframe {
      margin: 0.2em 0;
      background: #ccc;
      color: #000;
      padding: 0.2em 0;
    }
    #loader-wrapper {
      position: fixed;
      top: 0;
      left: 0;
      width: 100%;
      height: 100%;
      z-index: 999999;
    }
    #loader {
      display: block;
      position: relative;
      left: 50%;
      top: 50%;
      width: 120px;
      height: 120px;
      margin: -75px 0 0 -75px;
      border-radius: 50%;
      border: 3px solid transparent;
      /* COLOR 1 */
      border-top-color: #FFF;
      -webkit-animation: spin 2s linear infinite;
      /* Chrome, Opera 15+, Safari 5+ */
      -ms-animation: spin 2s linear infinite;
      /* Chrome, Opera 15+, Safari 5+ */
      -moz-animation: spin 2s linear infinite;
      /* Chrome, Opera 15+, Safari 5+ */
      -o-animation: spin 2s linear infinite;
      /* Chrome, Opera 15+, Safari 5+ */
      animation: spin 2s linear infinite;
      /* Chrome, Firefox 16+, IE 10+, Opera */
      z-index: 1001;
    }
    #loader:before {
      content: "";
      position: absolute;
      top: 5px;
      left: 5px;
      right: 5px;
      bottom: 5px;
      border-radius: 50%;
      border: 3px solid transparent;
      /* COLOR 2 */
      border-top-color: #FFF;
      -webkit-animation: spin 3s linear infinite;
      /* Chrome, Opera 15+, Safari 5+ */
      -moz-animation: spin 3s linear infinite;
      /* Chrome, Opera 15+, Safari 5+ */
      -o-animation: spin 3s linear infinite;
      /* Chrome, Opera 15+, Safari 5+ */
      -ms-animation: spin 3s linear infi
2025-05-15 16:44:52,685 - root - INFO - 关闭浏览器
2025-05-15 16:44:54,774 - root - INFO - Test case test_add_sales_plan ended at 2025-05-15 16:44:54.774091
