2025-05-12 17:19:21,613 - root - INFO - 使用的 ChromeDriver 路径: D:\gmj\workSpaces\workSpaces_pycharm\autoTest4\Base\utils\chromedriver.exe
2025-05-12 17:19:21,848 - root - INFO - Test case test_menu_navigation started at 2025-05-12 17:19:21.848063
2025-05-12 17:19:22,943 - root - INFO - 开始登录操作
2025-05-12 17:19:29,892 - root - INFO - 已打开登录页面
2025-05-12 17:19:29,991 - root - INFO - 已输入用户名：guomj
2025-05-12 17:19:30,072 - root - INFO - 已输入密码：gmj123..
2025-05-12 17:19:30,148 - root - INFO - 验证码图片已保存到 D:\gmj\workSpaces\workSpaces_pycharm\autoTest4\Base\utils\captcha.png
2025-05-12 17:19:32,333 - root - INFO - 验证码识别结果: UDTy
2025-05-12 17:19:32,401 - root - INFO - 已输入验证码: UDTy，第 1 次尝试
2025-05-12 17:19:36,216 - root - INFO - 登录成功
2025-05-12 17:19:37,564 - root - INFO - 已导航到销售计划页面
2025-05-12 17:19:37,570 - root - INFO - 实际页面URL: http://124.222.178.125:3006/amzShipment/salesPlan
2025-05-12 17:19:37,571 - root - INFO - 目标URL: http://124.222.178.125:3006/amzShipment/salesPlan
2025-05-12 17:19:37,623 - root - INFO - 关闭浏览器
2025-05-12 17:19:39,763 - root - INFO - Test case test_menu_navigation ended at 2025-05-12 17:19:39.763040
2025-05-12 17:19:39,766 - root - INFO - Test case test_add_sales_plan started at 2025-05-12 17:19:39.766915
2025-05-12 17:19:40,793 - root - INFO - 开始登录操作
2025-05-12 17:19:47,365 - root - INFO - 已打开登录页面
2025-05-12 17:19:47,448 - root - INFO - 已输入用户名：guomj
2025-05-12 17:19:47,528 - root - INFO - 已输入密码：gmj123..
2025-05-12 17:19:47,615 - root - INFO - 验证码图片已保存到 D:\gmj\workSpaces\workSpaces_pycharm\autoTest4\Base\utils\captcha.png
2025-05-12 17:19:48,758 - root - INFO - 验证码识别结果: PkKP
2025-05-12 17:19:48,938 - root - INFO - 已输入验证码: PkKP，第 1 次尝试
2025-05-12 17:19:54,192 - root - INFO - 登录成功
2025-05-12 17:19:54,195 - root - INFO - 关闭浏览器
2025-05-12 17:19:56,259 - root - INFO - Test case test_add_sales_plan ended at 2025-05-12 17:19:56.259956
