2025-05-26 15:58:43,783 - root - INFO - 使用的 ChromeDriver 路径: D:\gmj\workSpaces\workSpaces_pycharm\autoTest4\Base\utils\chromedriver.exe
2025-05-26 15:58:44,046 - root - INFO - Test case test_add_sales_plan_quantity started at 2025-05-26 15:58:44.046115
2025-05-26 15:58:45,135 - root - INFO - 开始登录操作
2025-05-26 15:58:52,368 - root - INFO - 已打开登录页面
2025-05-26 15:58:52,529 - root - INFO - 已输入用户名：guomj
2025-05-26 15:58:52,638 - root - INFO - 已输入密码：gmj123..
2025-05-26 15:58:52,726 - root - INFO - 验证码图片已保存到 D:\gmj\workSpaces\workSpaces_pycharm\autoTest4\Base\utils\captcha.png
2025-05-26 15:58:55,560 - root - INFO - 验证码识别结果: gMDP
2025-05-26 15:58:55,657 - root - INFO - 已输入验证码: gMDP，第 1 次尝试
2025-05-26 15:58:59,191 - root - INFO - 登录成功
2025-05-26 15:59:08,128 - root - INFO - 保存成功提示: 添加成功！
2025-05-26 15:59:08,129 - root - INFO - 实际成功提示内容: 添加成功！
2025-05-26 15:59:11,065 - root - INFO - 获取提示信息: 添加成功！
2025-05-26 15:59:15,520 - root - INFO - 获取提示信息: 添加成功！
2025-05-26 15:59:20,243 - root - INFO - 获取提示信息: 添加成功！
2025-05-26 15:59:24,696 - root - INFO - 获取提示信息: 添加成功！
2025-05-26 15:59:29,097 - root - INFO - 获取提示信息: 添加成功！
2025-05-26 15:59:33,498 - root - INFO - 获取提示信息: 添加成功！
2025-05-26 15:59:37,892 - root - INFO - 获取提示信息: 请添加sku计划数量
2025-05-26 15:59:42,294 - root - INFO - 获取提示信息: 请添加sku计划数量
2025-05-26 15:59:46,713 - root - INFO - 获取提示信息: 请添加sku计划数量
2025-05-26 15:59:51,094 - root - INFO - 获取提示信息: 请添加sku计划数量
2025-05-26 15:59:55,525 - root - INFO - 获取提示信息: 操作失败，系统错误请联系管理员！
2025-05-26 15:59:59,976 - root - INFO - 获取提示信息: 操作失败，系统错误请联系管理员！
2025-05-26 16:00:04,362 - root - INFO - 获取提示信息: 添加成功！
2025-05-26 16:00:06,365 - root - INFO - 关闭浏览器
2025-05-26 16:00:08,447 - root - INFO - Test case test_add_sales_plan_quantity ended at 2025-05-26 16:00:08.447605
