2025-05-20 18:24:53,065 - root - INFO - 使用的 ChromeDriver 路径: D:\gmj\workSpaces\workSpaces_pycharm\autoTest4\Base\utils\chromedriver.exe
2025-05-20 18:24:53,185 - root - INFO - Test case test_add_sales_plan started at 2025-05-20 18:24:53.185828
2025-05-20 18:24:54,147 - root - INFO - 开始登录操作
2025-05-20 18:25:01,645 - root - INFO - 已打开登录页面
2025-05-20 18:25:01,746 - root - INFO - 已输入用户名：guomj
2025-05-20 18:25:01,830 - root - INFO - 已输入密码：gmj123..
2025-05-20 18:25:01,910 - root - INFO - 验证码图片已保存到 D:\gmj\workSpaces\workSpaces_pycharm\autoTest4\Base\utils\captcha.png
2025-05-20 18:25:02,847 - root - INFO - 验证码识别结果: vF6 g
2025-05-20 18:25:02,928 - root - INFO - 已输入验证码: vF6 g，第 1 次尝试
2025-05-20 18:25:13,032 - root - WARNING - 第 1 次登录失败，重新尝试
2025-05-20 18:25:13,032 - root - INFO - 开始登录操作
2025-05-20 18:25:13,556 - root - INFO - 已打开登录页面
2025-05-20 18:25:13,644 - root - INFO - 已输入用户名：guomj
2025-05-20 18:25:13,729 - root - INFO - 已输入密码：gmj123..
2025-05-20 18:25:13,838 - root - INFO - 验证码图片已保存到 D:\gmj\workSpaces\workSpaces_pycharm\autoTest4\Base\utils\captcha.png
2025-05-20 18:25:14,549 - root - INFO - 验证码识别结果: GgeZ
2025-05-20 18:25:14,622 - root - INFO - 已输入验证码: GgeZ，第 2 次尝试
2025-05-20 18:25:15,364 - root - INFO - 登录成功
2025-05-20 18:25:32,432 - root - ERROR - 添加销售计划异常，已截图: ./screenshots\add_sales_plan_error_20250520182532.png, 错误信息: cannot access local variable 'element' where it is not associated with a value
2025-05-20 18:25:32,494 - root - INFO - 关闭浏览器
2025-05-20 18:25:34,571 - root - INFO - Test case test_add_sales_plan ended at 2025-05-20 18:25:34.571796
