2025-05-09 16:50:18,063 - root - INFO - 使用的 ChromeDriver 路径: D:\gmj\workSpaces\workSpaces_pycharm\autoTest4\Base\utils\chromedriver.exe
2025-05-09 16:50:18,212 - root - INFO - Test case test_menu_navigation started at 2025-05-09 16:50:18.212059
2025-05-09 16:50:19,197 - root - INFO - 开始登录操作
2025-05-09 16:50:25,568 - root - INFO - 已打开登录页面
2025-05-09 16:50:25,673 - root - INFO - 已输入用户名：guomj
2025-05-09 16:50:25,749 - root - INFO - 已输入密码：gmj123..
2025-05-09 16:50:25,819 - root - INFO - 验证码图片已保存到 D:\gmj\workSpaces\workSpaces_pycharm\autoTest4\Base\utils\captcha.png
2025-05-09 16:50:26,793 - root - INFO - 验证码识别结果: BTQx
2025-05-09 16:50:26,863 - root - INFO - 已输入验证码: BTQx，第 1 次尝试
2025-05-09 16:50:30,910 - root - INFO - 登录成功
2025-05-09 16:50:30,914 - root - INFO - 关闭浏览器
2025-05-09 16:50:33,006 - root - INFO - Test case test_menu_navigation ended at 2025-05-09 16:50:33.006210
2025-05-09 16:50:33,010 - root - INFO - Test case test_add_sales_plan started at 2025-05-09 16:50:33.010086
2025-05-09 16:50:34,034 - root - INFO - 开始登录操作
2025-05-09 16:50:42,975 - root - INFO - 已打开登录页面
2025-05-09 16:50:43,068 - root - INFO - 已输入用户名：guomj
2025-05-09 16:50:43,144 - root - INFO - 已输入密码：gmj123..
2025-05-09 16:50:43,238 - root - INFO - 验证码图片已保存到 D:\gmj\workSpaces\workSpaces_pycharm\autoTest4\Base\utils\captcha.png
2025-05-09 16:50:44,371 - root - INFO - 验证码识别结果: Tfq6
2025-05-09 16:50:44,451 - root - INFO - 已输入验证码: Tfq6，第 1 次尝试
2025-05-09 16:50:49,113 - root - INFO - 登录成功
2025-05-09 16:50:49,115 - root - INFO - 关闭浏览器
2025-05-09 16:50:51,197 - root - INFO - Test case test_add_sales_plan ended at 2025-05-09 16:50:51.197574
