2025-05-24 15:40:54,183 - root - INFO - 使用的 ChromeDriver 路径: D:\gmj\workSpaces\workSpaces_pycharm\autoTest4\Base\utils\chromedriver.exe
2025-05-24 15:40:54,340 - root - INFO - Test case test_add_sales_plan_quantity started at 2025-05-24 15:40:54.340789
2025-05-24 15:40:55,369 - root - INFO - 开始登录操作
2025-05-24 15:41:02,751 - root - INFO - 已打开登录页面
2025-05-24 15:41:02,864 - root - INFO - 已输入用户名：guomj
2025-05-24 15:41:02,966 - root - INFO - 已输入密码：gmj123..
2025-05-24 15:41:03,046 - root - INFO - 验证码图片已保存到 D:\gmj\workSpaces\workSpaces_pycharm\autoTest4\Base\utils\captcha.png
2025-05-24 15:41:03,837 - root - INFO - 验证码识别结果: L7MT
2025-05-24 15:41:03,947 - root - INFO - 已输入验证码: L7MT，第 1 次尝试
2025-05-24 15:41:08,491 - root - INFO - 登录成功
2025-05-24 15:41:18,311 - root - INFO - 保存成功提示: 添加成功！
2025-05-24 15:41:18,313 - root - INFO - 实际成功提示内容: 添加成功！
2025-05-24 15:41:21,318 - root - INFO - 获取提示信息: 添加成功！
2025-05-24 15:41:25,745 - root - INFO - 获取提示信息: 添加成功！
2025-05-24 15:41:30,223 - root - INFO - 获取提示信息: 添加成功！
2025-05-24 15:41:34,644 - root - INFO - 获取提示信息: 添加成功！
2025-05-24 15:41:38,703 - root - INFO - 获取提示信息: 添加成功！
2025-05-24 15:41:43,194 - root - INFO - 获取提示信息: 添加成功！
2025-05-24 15:41:47,637 - root - INFO - 获取提示信息: 请添加sku计划数量
2025-05-24 15:41:52,064 - root - INFO - 获取提示信息: 请添加sku计划数量
2025-05-24 15:41:56,584 - root - INFO - 获取提示信息: 请添加sku计划数量
2025-05-24 15:42:01,007 - root - INFO - 获取提示信息: 请添加sku计划数量
2025-05-24 15:42:05,474 - root - INFO - 获取提示信息: 操作失败，系统错误请联系管理员！
2025-05-24 15:42:09,882 - root - INFO - 获取提示信息: 操作失败，系统错误请联系管理员！
2025-05-24 15:42:14,325 - root - INFO - 获取提示信息: 添加成功！
2025-05-24 15:42:16,329 - root - INFO - 关闭浏览器
2025-05-24 15:42:18,463 - root - INFO - Test case test_add_sales_plan_quantity ended at 2025-05-24 15:42:18.463719
